[debug] [2021-03-28T05:33:45.683Z] ----------------------------------------------------------------------
[debug] [2021-03-28T05:33:45.685Z] Command:       C:\Program Files\nodejs\node.exe C:\Users\Я\AppData\Roaming\npm\node_modules\firebase-tools\lib\bin\firebase.js emulators:start
[debug] [2021-03-28T05:33:45.685Z] CLI Version:   9.8.0
[debug] [2021-03-28T05:33:45.685Z] Platform:      win32
[debug] [2021-03-28T05:33:45.685Z] Node Version:  v12.18.3
[debug] [2021-03-28T05:33:45.686Z] Time:          Sun Mar 28 2021 08:33:45 GMT+0300 (GMT+03:00)
[debug] [2021-03-28T05:33:45.686Z] ----------------------------------------------------------------------
[debug] 
[debug] [2021-03-28T05:33:45.691Z] > command requires scopes: ["email","openid","https://www.googleapis.com/auth/cloudplatformprojects.readonly","https://www.googleapis.com/auth/firebase","https://www.googleapis.com/auth/cloud-platform"]
[debug] [2021-03-28T05:33:45.692Z] > authorizing via signed-in user
[info] i  emulators: Starting emulators: functions, hosting {"metadata":{"emulator":{"name":"hub"},"message":"Starting emulators: functions, hosting"}}
[debug] [2021-03-28T05:33:46.712Z] [hub] writing locator at D:\Temp\hub-clone-b94c2.json
[warn] !  functions: The following emulators are not running, calls to these services from the Functions emulator will affect production: auth, firestore, database, pubsub {"metadata":{"emulator":{"name":"functions"},"message":"The following emulators are not running, calls to these services from the Functions emulator will affect production: \u001b[1mauth, firestore, database, pubsub\u001b[22m"}}
[info] +  functions: Using node@12 from host. {"metadata":{"emulator":{"name":"functions"},"message":"Using node@12 from host."}}
[debug] [2021-03-28T05:33:47.731Z] defaultcredentials: writing to file C:\Users\Я\AppData\Roaming\firebase\semenukmaks_gmail_com_application_default_credentials.json
[debug] [2021-03-28T05:33:47.732Z] Setting GAC to C:\Users\Я\AppData\Roaming\firebase\semenukmaks_gmail_com_application_default_credentials.json {"metadata":{"emulator":{"name":"functions"},"message":"Setting GAC to C:\\Users\\Я\\AppData\\Roaming\\firebase\\semenukmaks_gmail_com_application_default_credentials.json"}}
[debug] [2021-03-28T05:33:47.733Z] > refreshing access token with scopes: []
[debug] [2021-03-28T05:33:47.734Z] >>> HTTP REQUEST POST https://www.googleapis.com/oauth2/v3/token  
 <request body omitted>
[debug] [2021-03-28T05:33:47.890Z] <<< HTTP RESPONSE 200 {"pragma":"no-cache","date":"Sun, 28 Mar 2021 05:32:49 GMT","expires":"Mon, 01 Jan 1990 00:00:00 GMT","cache-control":"no-cache, no-store, max-age=0, must-revalidate","content-type":"application/json; charset=utf-8","vary":"X-Origin, Referer, Origin,Accept-Encoding","server":"scaffolding on HTTPServer2","x-xss-protection":"0","x-frame-options":"SAMEORIGIN","x-content-type-options":"nosniff","alt-svc":"h3-29=\":443\"; ma=2592000,h3-T051=\":443\"; ma=2592000,h3-Q050=\":443\"; ma=2592000,h3-Q046=\":443\"; ma=2592000,h3-Q043=\":443\"; ma=2592000,quic=\":443\"; ma=2592000; v=\"46,43\"","accept-ranges":"none","transfer-encoding":"chunked"}
[debug] [2021-03-28T05:33:47.928Z] >>> [apiv2][query] GET https://firebase.googleapis.com/v1beta1/projects/clone-b94c2/adminSdkConfig [none]
[debug] [2021-03-28T05:33:48.355Z] <<< [apiv2][status] GET https://firebase.googleapis.com/v1beta1/projects/clone-b94c2/adminSdkConfig 200
[debug] [2021-03-28T05:33:48.355Z] <<< [apiv2][body] GET https://firebase.googleapis.com/v1beta1/projects/clone-b94c2/adminSdkConfig {"projectId":"clone-b94c2","storageBucket":"clone-b94c2.appspot.com"}
[debug] [2021-03-28T05:33:49.370Z] >>> [apiv2][query] GET https://firebase.googleapis.com/v1beta1/projects/clone-b94c2/webApps/-/config [none]
[debug] [2021-03-28T05:33:50.180Z] <<< [apiv2][status] GET https://firebase.googleapis.com/v1beta1/projects/clone-b94c2/webApps/-/config 200
[debug] [2021-03-28T05:33:50.180Z] <<< [apiv2][body] GET https://firebase.googleapis.com/v1beta1/projects/clone-b94c2/webApps/-/config {"projectId":"clone-b94c2","appId":"1:788731630010:web:c1d3c366965f7b4e660d83","storageBucket":"clone-b94c2.appspot.com","apiKey":"AIzaSyB6DdFS14P_4HxCzVQ--Uz3YRiwQ2f3jj8","authDomain":"clone-b94c2.firebaseapp.com","messagingSenderId":"788731630010","measurementId":"G-3LG7VZNF28"}
[info] i  hosting: Serving hosting files from: build {"metadata":{"emulator":{"name":"hosting"},"message":"Serving hosting files from: \u001b[1mbuild\u001b[22m"}}
[info] +  hosting: Local server: http://localhost:5000 {"metadata":{"emulator":{"name":"hosting"},"message":"Local server: \u001b[4m\u001b[1mhttp://localhost:5000\u001b[22m\u001b[24m"}}
[info] i  ui: downloading ui-v1.4.2.zip... {"metadata":{"emulator":{"name":"ui"},"message":"downloading ui-v1.4.2.zip..."}}
[debug] [2021-03-28T05:33:52.305Z] >>> [apiv2][query] GET https://storage.googleapis.com/firebase-preview-drop/emulator/ui-v1.4.2.zip 
[debug] [2021-03-28T05:33:52.553Z] <<< [apiv2][status] GET https://storage.googleapis.com/firebase-preview-drop/emulator/ui-v1.4.2.zip 200
[debug] [2021-03-28T05:33:52.553Z] <<< [apiv2][body] GET https://storage.googleapis.com/firebase-preview-drop/emulator/ui-v1.4.2.zip [stream]
[debug] [2021-03-28T05:33:53.901Z] Ignoring unsupported arg: auto_download {"metadata":{"emulator":{"name":"ui"},"message":"Ignoring unsupported arg: auto_download"}}
[debug] [2021-03-28T05:33:53.901Z] Ignoring unsupported arg: port {"metadata":{"emulator":{"name":"ui"},"message":"Ignoring unsupported arg: port"}}
[debug] [2021-03-28T05:33:53.901Z] Starting Emulator UI with command {"binary":"node","args":["C:\\Users\\Я\\.cache\\firebase\\emulators\\ui-v1.4.2\\server.bundle.js"],"optionalArgs":[],"joinArgs":false} {"metadata":{"emulator":{"name":"ui"},"message":"Starting Emulator UI with command {\"binary\":\"node\",\"args\":[\"C:\\\\Users\\\\Я\\\\.cache\\\\firebase\\\\emulators\\\\ui-v1.4.2\\\\server.bundle.js\"],\"optionalArgs\":[],\"joinArgs\":false}"}}
[info] i  ui: Emulator UI logging to ui-debug.log {"metadata":{"emulator":{"name":"ui"},"message":"Emulator UI logging to \u001b[1mui-debug.log\u001b[22m"}}
[debug] [2021-03-28T05:33:53.976Z] Web / API server started at http://localhost:4000
 {"metadata":{"emulator":{"name":"ui"},"message":"Web / API server started at http://localhost:4000\n"}}
[info] i  functions: Watching "D:\Max\DeV\Git\GitRepositories\clone-amazon\functions" for Cloud Functions... {"metadata":{"emulator":{"name":"functions"},"message":"Watching \"D:\\Max\\DeV\\Git\\GitRepositories\\clone-amazon\\functions\" for Cloud Functions..."}}
[debug] [2021-03-28T05:33:54.415Z] [worker-pool] addWorker(~diagnostic~) {"metadata":{"emulator":{"name":"functions"},"message":"[worker-pool] addWorker(~diagnostic~)"}}
[debug] [2021-03-28T05:33:54.415Z] [worker-pool] Adding worker with key ~diagnostic~, total=1 {"metadata":{"emulator":{"name":"functions"},"message":"[worker-pool] Adding worker with key ~diagnostic~, total=1"}}
[debug] [2021-03-28T05:33:54.415Z] [worker-pool] submitWork(triggerId=) {"metadata":{"emulator":{"name":"functions"},"message":"[worker-pool] submitWork(triggerId=)"}}
[debug] [2021-03-28T05:33:54.415Z] [worker-~diagnostic~-8d862b66-c8fb-47c1-81bb-00647b258e7a]: Assigning socketPath: \\?\pipe\D:\Max\DeV\Git\GitRepositories\clone-amazon\functions\15016 {"metadata":{"emulator":{"name":"functions"},"message":"[worker-~diagnostic~-8d862b66-c8fb-47c1-81bb-00647b258e7a]: Assigning socketPath: \\\\?\\pipe\\D:\\Max\\DeV\\Git\\GitRepositories\\clone-amazon\\functions\\15016"}}
[debug] [2021-03-28T05:33:54.415Z] [worker-~diagnostic~-8d862b66-c8fb-47c1-81bb-00647b258e7a]: BUSY {"metadata":{"emulator":{"name":"functions"},"message":"[worker-~diagnostic~-8d862b66-c8fb-47c1-81bb-00647b258e7a]: BUSY"}}
[debug] [2021-03-28T05:33:54.585Z] [runtime-status] [15016] Functions runtime initialized. {"cwd":"D:\\Max\\DeV\\Git\\GitRepositories\\clone-amazon\\functions","node_version":"12.18.3"} {"metadata":{"emulator":{"name":"functions"},"message":"[runtime-status] [15016] Functions runtime initialized. {\"cwd\":\"D:\\\\Max\\\\DeV\\\\Git\\\\GitRepositories\\\\clone-amazon\\\\functions\",\"node_version\":\"12.18.3\"}"}}
[debug] [2021-03-28T05:33:54.586Z] [runtime-status] [15016] Disabled runtime features: undefined {"metadata":{"emulator":{"name":"functions"},"message":"[runtime-status] [15016] Disabled runtime features: undefined"}}
[debug] [2021-03-28T05:33:54.587Z] [runtime-status] [15016] Resolved module firebase-admin {"declared":true,"installed":true,"version":"9.5.0","resolution":"D:\\Max\\DeV\\Git\\GitRepositories\\clone-amazon\\functions\\node_modules\\firebase-admin\\lib\\index.js"} {"metadata":{"emulator":{"name":"functions"},"message":"[runtime-status] [15016] Resolved module firebase-admin {\"declared\":true,\"installed\":true,\"version\":\"9.5.0\",\"resolution\":\"D:\\\\Max\\\\DeV\\\\Git\\\\GitRepositories\\\\clone-amazon\\\\functions\\\\node_modules\\\\firebase-admin\\\\lib\\\\index.js\"}"}}
[debug] [2021-03-28T05:33:54.590Z] [runtime-status] [15016] Resolved module firebase-functions {"declared":true,"installed":true,"version":"3.13.2","resolution":"D:\\Max\\DeV\\Git\\GitRepositories\\clone-amazon\\functions\\node_modules\\firebase-functions\\lib\\index.js"} {"metadata":{"emulator":{"name":"functions"},"message":"[runtime-status] [15016] Resolved module firebase-functions {\"declared\":true,\"installed\":true,\"version\":\"3.13.2\",\"resolution\":\"D:\\\\Max\\\\DeV\\\\Git\\\\GitRepositories\\\\clone-amazon\\\\functions\\\\node_modules\\\\firebase-functions\\\\lib\\\\index.js\"}"}}
[debug] [2021-03-28T05:33:54.591Z] [runtime-status] [15016] Resolved module firebase-functions {"declared":true,"installed":true,"version":"3.13.2","resolution":"D:\\Max\\DeV\\Git\\GitRepositories\\clone-amazon\\functions\\node_modules\\firebase-functions\\lib\\index.js"} {"metadata":{"emulator":{"name":"functions"},"message":"[runtime-status] [15016] Resolved module firebase-functions {\"declared\":true,\"installed\":true,\"version\":\"3.13.2\",\"resolution\":\"D:\\\\Max\\\\DeV\\\\Git\\\\GitRepositories\\\\clone-amazon\\\\functions\\\\node_modules\\\\firebase-functions\\\\lib\\\\index.js\"}"}}
[debug] [2021-03-28T05:33:54.593Z] [runtime-status] [15016] Outgoing network have been stubbed. [{"name":"http","status":"mocked"},{"name":"http","status":"mocked"},{"name":"https","status":"mocked"},{"name":"https","status":"mocked"},{"name":"net","status":"mocked"}] {"metadata":{"emulator":{"name":"functions"},"message":"[runtime-status] [15016] Outgoing network have been stubbed. [{\"name\":\"http\",\"status\":\"mocked\"},{\"name\":\"http\",\"status\":\"mocked\"},{\"name\":\"https\",\"status\":\"mocked\"},{\"name\":\"https\",\"status\":\"mocked\"},{\"name\":\"net\",\"status\":\"mocked\"}]"}}
[debug] [2021-03-28T05:33:54.593Z] [runtime-status] [15016] Resolved module firebase-functions {"declared":true,"installed":true,"version":"3.13.2","resolution":"D:\\Max\\DeV\\Git\\GitRepositories\\clone-amazon\\functions\\node_modules\\firebase-functions\\lib\\index.js"} {"metadata":{"emulator":{"name":"functions"},"message":"[runtime-status] [15016] Resolved module firebase-functions {\"declared\":true,\"installed\":true,\"version\":\"3.13.2\",\"resolution\":\"D:\\\\Max\\\\DeV\\\\Git\\\\GitRepositories\\\\clone-amazon\\\\functions\\\\node_modules\\\\firebase-functions\\\\lib\\\\index.js\"}"}}
[debug] [2021-03-28T05:33:54.644Z] [runtime-status] [15016] Checked functions.config() {"config":{}} {"metadata":{"emulator":{"name":"functions"},"message":"[runtime-status] [15016] Checked functions.config() {\"config\":{}}"}}
[debug] [2021-03-28T05:33:54.644Z] [runtime-status] [15016] firebase-functions has been stubbed. {"functionsResolution":{"declared":true,"installed":true,"version":"3.13.2","resolution":"D:\\Max\\DeV\\Git\\GitRepositories\\clone-amazon\\functions\\node_modules\\firebase-functions\\lib\\index.js"}} {"metadata":{"emulator":{"name":"functions"},"message":"[runtime-status] [15016] firebase-functions has been stubbed. {\"functionsResolution\":{\"declared\":true,\"installed\":true,\"version\":\"3.13.2\",\"resolution\":\"D:\\\\Max\\\\DeV\\\\Git\\\\GitRepositories\\\\clone-amazon\\\\functions\\\\node_modules\\\\firebase-functions\\\\lib\\\\index.js\"}}"}}
[debug] [2021-03-28T05:33:54.644Z] [runtime-status] [15016] Resolved module firebase-functions {"declared":true,"installed":true,"version":"3.13.2","resolution":"D:\\Max\\DeV\\Git\\GitRepositories\\clone-amazon\\functions\\node_modules\\firebase-functions\\lib\\index.js"} {"metadata":{"emulator":{"name":"functions"},"message":"[runtime-status] [15016] Resolved module firebase-functions {\"declared\":true,\"installed\":true,\"version\":\"3.13.2\",\"resolution\":\"D:\\\\Max\\\\DeV\\\\Git\\\\GitRepositories\\\\clone-amazon\\\\functions\\\\node_modules\\\\firebase-functions\\\\lib\\\\index.js\"}"}}
[debug] [2021-03-28T05:33:54.645Z] [runtime-status] [15016] Resolved module firebase-admin {"declared":true,"installed":true,"version":"9.5.0","resolution":"D:\\Max\\DeV\\Git\\GitRepositories\\clone-amazon\\functions\\node_modules\\firebase-admin\\lib\\index.js"} {"metadata":{"emulator":{"name":"functions"},"message":"[runtime-status] [15016] Resolved module firebase-admin {\"declared\":true,\"installed\":true,\"version\":\"9.5.0\",\"resolution\":\"D:\\\\Max\\\\DeV\\\\Git\\\\GitRepositories\\\\clone-amazon\\\\functions\\\\node_modules\\\\firebase-admin\\\\lib\\\\index.js\"}"}}
[debug] [2021-03-28T05:33:54.645Z] [runtime-status] [15016] Resolved module firebase-functions {"declared":true,"installed":true,"version":"3.13.2","resolution":"D:\\Max\\DeV\\Git\\GitRepositories\\clone-amazon\\functions\\node_modules\\firebase-functions\\lib\\index.js"} {"metadata":{"emulator":{"name":"functions"},"message":"[runtime-status] [15016] Resolved module firebase-functions {\"declared\":true,\"installed\":true,\"version\":\"3.13.2\",\"resolution\":\"D:\\\\Max\\\\DeV\\\\Git\\\\GitRepositories\\\\clone-amazon\\\\functions\\\\node_modules\\\\firebase-functions\\\\lib\\\\index.js\"}"}}
[debug] [2021-03-28T05:33:54.646Z] [runtime-status] [15016] firebase-admin has been stubbed. {"adminResolution":{"declared":true,"installed":true,"version":"9.5.0","resolution":"D:\\Max\\DeV\\Git\\GitRepositories\\clone-amazon\\functions\\node_modules\\firebase-admin\\lib\\index.js"}} {"metadata":{"emulator":{"name":"functions"},"message":"[runtime-status] [15016] firebase-admin has been stubbed. {\"adminResolution\":{\"declared\":true,\"installed\":true,\"version\":\"9.5.0\",\"resolution\":\"D:\\\\Max\\\\DeV\\\\Git\\\\GitRepositories\\\\clone-amazon\\\\functions\\\\node_modules\\\\firebase-admin\\\\lib\\\\index.js\"}}"}}
[info] +  functions[api]: http function initialized (http://localhost:5001/clone-b94c2/us-central1/api). {"metadata":{"emulator":{"name":"functions"},"message":"\u001b[1mhttp\u001b[22m function initialized (http://localhost:5001/clone-b94c2/us-central1/api)."}}
[info] 
┌─────────────────────────────────────────────────────────────┐
│ ✔  All emulators ready! It is now safe to connect your app. │
│ i  View Emulator UI at http://localhost:4000                │
└─────────────────────────────────────────────────────────────┘

┌───────────┬────────────────┬─────────────────────────────────┐
│ Emulator  │ Host:Port      │ View in Emulator UI             │
├───────────┼────────────────┼─────────────────────────────────┤
│ Functions │ localhost:5001 │ http://localhost:4000/functions │
├───────────┼────────────────┼─────────────────────────────────┤
│ Hosting   │ localhost:5000 │ n/a                             │
└───────────┴────────────────┴─────────────────────────────────┘
  Emulator Hub running at localhost:4400
  Other reserved ports: 4500

Issues? Report them at https://github.com/firebase/firebase-tools/issues and attach the *-debug.log files.
 
[debug] [2021-03-28T05:33:54.768Z] [worker-~diagnostic~-8d862b66-c8fb-47c1-81bb-00647b258e7a]: IDLE {"metadata":{"emulator":{"name":"functions"},"message":"[worker-~diagnostic~-8d862b66-c8fb-47c1-81bb-00647b258e7a]: IDLE"}}
[debug] [2021-03-28T05:35:38.563Z] File D:\Max\DeV\Git\GitRepositories\clone-amazon\functions\index.js changed, reloading triggers {"metadata":{"emulator":{"name":"functions"},"message":"File D:\\Max\\DeV\\Git\\GitRepositories\\clone-amazon\\functions\\index.js changed, reloading triggers"}}
[debug] [2021-03-28T05:35:39.564Z] [worker-pool] Shutting down IDLE worker (~diagnostic~) {"metadata":{"emulator":{"name":"functions"},"message":"[worker-pool] Shutting down IDLE worker (~diagnostic~)"}}
[debug] [2021-03-28T05:35:39.564Z] [worker-~diagnostic~-8d862b66-c8fb-47c1-81bb-00647b258e7a]: FINISHING {"metadata":{"emulator":{"name":"functions"},"message":"[worker-~diagnostic~-8d862b66-c8fb-47c1-81bb-00647b258e7a]: FINISHING"}}
[debug] [2021-03-28T05:35:39.568Z] [worker-pool] addWorker(~diagnostic~) {"metadata":{"emulator":{"name":"functions"},"message":"[worker-pool] addWorker(~diagnostic~)"}}
[debug] [2021-03-28T05:35:39.568Z] [worker-pool] Adding worker with key ~diagnostic~, total=2 {"metadata":{"emulator":{"name":"functions"},"message":"[worker-pool] Adding worker with key ~diagnostic~, total=2"}}
[debug] [2021-03-28T05:35:39.568Z] [worker-pool] submitWork(triggerId=) {"metadata":{"emulator":{"name":"functions"},"message":"[worker-pool] submitWork(triggerId=)"}}
[debug] [2021-03-28T05:35:39.568Z] [worker-~diagnostic~-64b72342-e04d-44cc-acc2-09ec89687f36]: Assigning socketPath: \\?\pipe\D:\Max\DeV\Git\GitRepositories\clone-amazon\functions\14392 {"metadata":{"emulator":{"name":"functions"},"message":"[worker-~diagnostic~-64b72342-e04d-44cc-acc2-09ec89687f36]: Assigning socketPath: \\\\?\\pipe\\D:\\Max\\DeV\\Git\\GitRepositories\\clone-amazon\\functions\\14392"}}
[debug] [2021-03-28T05:35:39.568Z] [worker-~diagnostic~-64b72342-e04d-44cc-acc2-09ec89687f36]: BUSY {"metadata":{"emulator":{"name":"functions"},"message":"[worker-~diagnostic~-64b72342-e04d-44cc-acc2-09ec89687f36]: BUSY"}}
[debug] [2021-03-28T05:35:39.569Z] [worker-~diagnostic~-8d862b66-c8fb-47c1-81bb-00647b258e7a]: exited {"metadata":{"emulator":{"name":"functions"},"message":"[worker-~diagnostic~-8d862b66-c8fb-47c1-81bb-00647b258e7a]: exited"}}
[debug] [2021-03-28T05:35:39.569Z] [worker-~diagnostic~-8d862b66-c8fb-47c1-81bb-00647b258e7a]: FINISHED {"metadata":{"emulator":{"name":"functions"},"message":"[worker-~diagnostic~-8d862b66-c8fb-47c1-81bb-00647b258e7a]: FINISHED"}}
[debug] [2021-03-28T05:35:39.725Z] [runtime-status] [14392] Functions runtime initialized. {"cwd":"D:\\Max\\DeV\\Git\\GitRepositories\\clone-amazon\\functions","node_version":"12.18.3"} {"metadata":{"emulator":{"name":"functions"},"message":"[runtime-status] [14392] Functions runtime initialized. {\"cwd\":\"D:\\\\Max\\\\DeV\\\\Git\\\\GitRepositories\\\\clone-amazon\\\\functions\",\"node_version\":\"12.18.3\"}"}}
[debug] [2021-03-28T05:35:39.726Z] [runtime-status] [14392] Disabled runtime features: undefined {"metadata":{"emulator":{"name":"functions"},"message":"[runtime-status] [14392] Disabled runtime features: undefined"}}
[debug] [2021-03-28T05:35:39.728Z] [runtime-status] [14392] Resolved module firebase-admin {"declared":true,"installed":true,"version":"9.5.0","resolution":"D:\\Max\\DeV\\Git\\GitRepositories\\clone-amazon\\functions\\node_modules\\firebase-admin\\lib\\index.js"} {"metadata":{"emulator":{"name":"functions"},"message":"[runtime-status] [14392] Resolved module firebase-admin {\"declared\":true,\"installed\":true,\"version\":\"9.5.0\",\"resolution\":\"D:\\\\Max\\\\DeV\\\\Git\\\\GitRepositories\\\\clone-amazon\\\\functions\\\\node_modules\\\\firebase-admin\\\\lib\\\\index.js\"}"}}
[debug] [2021-03-28T05:35:39.731Z] [runtime-status] [14392] Resolved module firebase-functions {"declared":true,"installed":true,"version":"3.13.2","resolution":"D:\\Max\\DeV\\Git\\GitRepositories\\clone-amazon\\functions\\node_modules\\firebase-functions\\lib\\index.js"} {"metadata":{"emulator":{"name":"functions"},"message":"[runtime-status] [14392] Resolved module firebase-functions {\"declared\":true,\"installed\":true,\"version\":\"3.13.2\",\"resolution\":\"D:\\\\Max\\\\DeV\\\\Git\\\\GitRepositories\\\\clone-amazon\\\\functions\\\\node_modules\\\\firebase-functions\\\\lib\\\\index.js\"}"}}
[debug] [2021-03-28T05:35:39.731Z] [runtime-status] [14392] Resolved module firebase-functions {"declared":true,"installed":true,"version":"3.13.2","resolution":"D:\\Max\\DeV\\Git\\GitRepositories\\clone-amazon\\functions\\node_modules\\firebase-functions\\lib\\index.js"} {"metadata":{"emulator":{"name":"functions"},"message":"[runtime-status] [14392] Resolved module firebase-functions {\"declared\":true,\"installed\":true,\"version\":\"3.13.2\",\"resolution\":\"D:\\\\Max\\\\DeV\\\\Git\\\\GitRepositories\\\\clone-amazon\\\\functions\\\\node_modules\\\\firebase-functions\\\\lib\\\\index.js\"}"}}
[debug] [2021-03-28T05:35:39.732Z] [runtime-status] [14392] Outgoing network have been stubbed. [{"name":"http","status":"mocked"},{"name":"http","status":"mocked"},{"name":"https","status":"mocked"},{"name":"https","status":"mocked"},{"name":"net","status":"mocked"}] {"metadata":{"emulator":{"name":"functions"},"message":"[runtime-status] [14392] Outgoing network have been stubbed. [{\"name\":\"http\",\"status\":\"mocked\"},{\"name\":\"http\",\"status\":\"mocked\"},{\"name\":\"https\",\"status\":\"mocked\"},{\"name\":\"https\",\"status\":\"mocked\"},{\"name\":\"net\",\"status\":\"mocked\"}]"}}
[debug] [2021-03-28T05:35:39.733Z] [runtime-status] [14392] Resolved module firebase-functions {"declared":true,"installed":true,"version":"3.13.2","resolution":"D:\\Max\\DeV\\Git\\GitRepositories\\clone-amazon\\functions\\node_modules\\firebase-functions\\lib\\index.js"} {"metadata":{"emulator":{"name":"functions"},"message":"[runtime-status] [14392] Resolved module firebase-functions {\"declared\":true,\"installed\":true,\"version\":\"3.13.2\",\"resolution\":\"D:\\\\Max\\\\DeV\\\\Git\\\\GitRepositories\\\\clone-amazon\\\\functions\\\\node_modules\\\\firebase-functions\\\\lib\\\\index.js\"}"}}
[debug] [2021-03-28T05:35:39.768Z] [runtime-status] [14392] Checked functions.config() {"config":{}} {"metadata":{"emulator":{"name":"functions"},"message":"[runtime-status] [14392] Checked functions.config() {\"config\":{}}"}}
[debug] [2021-03-28T05:35:39.769Z] [runtime-status] [14392] firebase-functions has been stubbed. {"functionsResolution":{"declared":true,"installed":true,"version":"3.13.2","resolution":"D:\\Max\\DeV\\Git\\GitRepositories\\clone-amazon\\functions\\node_modules\\firebase-functions\\lib\\index.js"}} {"metadata":{"emulator":{"name":"functions"},"message":"[runtime-status] [14392] firebase-functions has been stubbed. {\"functionsResolution\":{\"declared\":true,\"installed\":true,\"version\":\"3.13.2\",\"resolution\":\"D:\\\\Max\\\\DeV\\\\Git\\\\GitRepositories\\\\clone-amazon\\\\functions\\\\node_modules\\\\firebase-functions\\\\lib\\\\index.js\"}}"}}
[debug] [2021-03-28T05:35:39.769Z] [runtime-status] [14392] Resolved module firebase-functions {"declared":true,"installed":true,"version":"3.13.2","resolution":"D:\\Max\\DeV\\Git\\GitRepositories\\clone-amazon\\functions\\node_modules\\firebase-functions\\lib\\index.js"} {"metadata":{"emulator":{"name":"functions"},"message":"[runtime-status] [14392] Resolved module firebase-functions {\"declared\":true,\"installed\":true,\"version\":\"3.13.2\",\"resolution\":\"D:\\\\Max\\\\DeV\\\\Git\\\\GitRepositories\\\\clone-amazon\\\\functions\\\\node_modules\\\\firebase-functions\\\\lib\\\\index.js\"}"}}
[debug] [2021-03-28T05:35:39.770Z] [runtime-status] [14392] Resolved module firebase-admin {"declared":true,"installed":true,"version":"9.5.0","resolution":"D:\\Max\\DeV\\Git\\GitRepositories\\clone-amazon\\functions\\node_modules\\firebase-admin\\lib\\index.js"} {"metadata":{"emulator":{"name":"functions"},"message":"[runtime-status] [14392] Resolved module firebase-admin {\"declared\":true,\"installed\":true,\"version\":\"9.5.0\",\"resolution\":\"D:\\\\Max\\\\DeV\\\\Git\\\\GitRepositories\\\\clone-amazon\\\\functions\\\\node_modules\\\\firebase-admin\\\\lib\\\\index.js\"}"}}
[debug] [2021-03-28T05:35:39.771Z] [runtime-status] [14392] Resolved module firebase-functions {"declared":true,"installed":true,"version":"3.13.2","resolution":"D:\\Max\\DeV\\Git\\GitRepositories\\clone-amazon\\functions\\node_modules\\firebase-functions\\lib\\index.js"} {"metadata":{"emulator":{"name":"functions"},"message":"[runtime-status] [14392] Resolved module firebase-functions {\"declared\":true,\"installed\":true,\"version\":\"3.13.2\",\"resolution\":\"D:\\\\Max\\\\DeV\\\\Git\\\\GitRepositories\\\\clone-amazon\\\\functions\\\\node_modules\\\\firebase-functions\\\\lib\\\\index.js\"}"}}
[debug] [2021-03-28T05:35:39.771Z] [runtime-status] [14392] firebase-admin has been stubbed. {"adminResolution":{"declared":true,"installed":true,"version":"9.5.0","resolution":"D:\\Max\\DeV\\Git\\GitRepositories\\clone-amazon\\functions\\node_modules\\firebase-admin\\lib\\index.js"}} {"metadata":{"emulator":{"name":"functions"},"message":"[runtime-status] [14392] firebase-admin has been stubbed. {\"adminResolution\":{\"declared\":true,\"installed\":true,\"version\":\"9.5.0\",\"resolution\":\"D:\\\\Max\\\\DeV\\\\Git\\\\GitRepositories\\\\clone-amazon\\\\functions\\\\node_modules\\\\firebase-admin\\\\lib\\\\index.js\"}}"}}
[debug] [2021-03-28T05:35:39.893Z] [worker-~diagnostic~-64b72342-e04d-44cc-acc2-09ec89687f36]: IDLE {"metadata":{"emulator":{"name":"functions"},"message":"[worker-~diagnostic~-64b72342-e04d-44cc-acc2-09ec89687f36]: IDLE"}}
[debug] [2021-03-28T05:35:52.282Z] [work-queue] {"queueLength":1,"workRunningCount":0}
[debug] [2021-03-28T05:35:52.282Z] [work-queue] {"queueLength":0,"workRunningCount":1}
[debug] [2021-03-28T05:35:52.282Z] Accepted request GET /clone-b94c2/us-central1/api --> api
[debug] [2021-03-28T05:35:52.282Z] [worker-pool] Cleaned up workers for ~diagnostic~: 2 --> 1 {"metadata":{"emulator":{"name":"functions"},"message":"[worker-pool] Cleaned up workers for ~diagnostic~: 2 --> 1"}}
[debug] [2021-03-28T05:35:52.285Z] [worker-pool] addWorker(api) {"metadata":{"emulator":{"name":"functions"},"message":"[worker-pool] addWorker(api)"}}
[debug] [2021-03-28T05:35:52.286Z] [worker-pool] Adding worker with key api, total=1 {"metadata":{"emulator":{"name":"functions"},"message":"[worker-pool] Adding worker with key api, total=1"}}
[debug] [2021-03-28T05:35:52.286Z] [worker-pool] submitWork(triggerId=api) {"metadata":{"emulator":{"name":"functions"},"message":"[worker-pool] submitWork(triggerId=api)"}}
[debug] [2021-03-28T05:35:52.286Z] [worker-api-debc561c-e685-4b3d-af8a-c7a1240b4625]: Assigning socketPath: \\?\pipe\D:\Max\DeV\Git\GitRepositories\clone-amazon\functions\3240 {"metadata":{"emulator":{"name":"functions"},"message":"[worker-api-debc561c-e685-4b3d-af8a-c7a1240b4625]: Assigning socketPath: \\\\?\\pipe\\D:\\Max\\DeV\\Git\\GitRepositories\\clone-amazon\\functions\\3240"}}
[debug] [2021-03-28T05:35:52.286Z] [worker-api-debc561c-e685-4b3d-af8a-c7a1240b4625]: BUSY {"metadata":{"emulator":{"name":"functions"},"message":"[worker-api-debc561c-e685-4b3d-af8a-c7a1240b4625]: BUSY"}}
[debug] [2021-03-28T05:35:52.546Z] [runtime-status] [3240] Functions runtime initialized. {"cwd":"D:\\Max\\DeV\\Git\\GitRepositories\\clone-amazon\\functions","node_version":"12.18.3"} {"metadata":{"emulator":{"name":"functions"},"function":{"name":"api"},"message":"[runtime-status] [3240] Functions runtime initialized. {\"cwd\":\"D:\\\\Max\\\\DeV\\\\Git\\\\GitRepositories\\\\clone-amazon\\\\functions\",\"node_version\":\"12.18.3\"}"}}
[debug] [2021-03-28T05:35:52.547Z] [runtime-status] [3240] Disabled runtime features: undefined {"metadata":{"emulator":{"name":"functions"},"function":{"name":"api"},"message":"[runtime-status] [3240] Disabled runtime features: undefined"}}
[debug] [2021-03-28T05:35:52.549Z] [runtime-status] [3240] Resolved module firebase-admin {"declared":true,"installed":true,"version":"9.5.0","resolution":"D:\\Max\\DeV\\Git\\GitRepositories\\clone-amazon\\functions\\node_modules\\firebase-admin\\lib\\index.js"} {"metadata":{"emulator":{"name":"functions"},"function":{"name":"api"},"message":"[runtime-status] [3240] Resolved module firebase-admin {\"declared\":true,\"installed\":true,\"version\":\"9.5.0\",\"resolution\":\"D:\\\\Max\\\\DeV\\\\Git\\\\GitRepositories\\\\clone-amazon\\\\functions\\\\node_modules\\\\firebase-admin\\\\lib\\\\index.js\"}"}}
[debug] [2021-03-28T05:35:52.552Z] [runtime-status] [3240] Resolved module firebase-functions {"declared":true,"installed":true,"version":"3.13.2","resolution":"D:\\Max\\DeV\\Git\\GitRepositories\\clone-amazon\\functions\\node_modules\\firebase-functions\\lib\\index.js"} {"metadata":{"emulator":{"name":"functions"},"function":{"name":"api"},"message":"[runtime-status] [3240] Resolved module firebase-functions {\"declared\":true,\"installed\":true,\"version\":\"3.13.2\",\"resolution\":\"D:\\\\Max\\\\DeV\\\\Git\\\\GitRepositories\\\\clone-amazon\\\\functions\\\\node_modules\\\\firebase-functions\\\\lib\\\\index.js\"}"}}
[debug] [2021-03-28T05:35:52.552Z] [runtime-status] [3240] Resolved module firebase-functions {"declared":true,"installed":true,"version":"3.13.2","resolution":"D:\\Max\\DeV\\Git\\GitRepositories\\clone-amazon\\functions\\node_modules\\firebase-functions\\lib\\index.js"} {"metadata":{"emulator":{"name":"functions"},"function":{"name":"api"},"message":"[runtime-status] [3240] Resolved module firebase-functions {\"declared\":true,\"installed\":true,\"version\":\"3.13.2\",\"resolution\":\"D:\\\\Max\\\\DeV\\\\Git\\\\GitRepositories\\\\clone-amazon\\\\functions\\\\node_modules\\\\firebase-functions\\\\lib\\\\index.js\"}"}}
[debug] [2021-03-28T05:35:52.554Z] [runtime-status] [3240] Outgoing network have been stubbed. [{"name":"http","status":"mocked"},{"name":"http","status":"mocked"},{"name":"https","status":"mocked"},{"name":"https","status":"mocked"},{"name":"net","status":"mocked"}] {"metadata":{"emulator":{"name":"functions"},"function":{"name":"api"},"message":"[runtime-status] [3240] Outgoing network have been stubbed. [{\"name\":\"http\",\"status\":\"mocked\"},{\"name\":\"http\",\"status\":\"mocked\"},{\"name\":\"https\",\"status\":\"mocked\"},{\"name\":\"https\",\"status\":\"mocked\"},{\"name\":\"net\",\"status\":\"mocked\"}]"}}
[debug] [2021-03-28T05:35:52.554Z] [runtime-status] [3240] Resolved module firebase-functions {"declared":true,"installed":true,"version":"3.13.2","resolution":"D:\\Max\\DeV\\Git\\GitRepositories\\clone-amazon\\functions\\node_modules\\firebase-functions\\lib\\index.js"} {"metadata":{"emulator":{"name":"functions"},"function":{"name":"api"},"message":"[runtime-status] [3240] Resolved module firebase-functions {\"declared\":true,\"installed\":true,\"version\":\"3.13.2\",\"resolution\":\"D:\\\\Max\\\\DeV\\\\Git\\\\GitRepositories\\\\clone-amazon\\\\functions\\\\node_modules\\\\firebase-functions\\\\lib\\\\index.js\"}"}}
[debug] [2021-03-28T05:35:52.594Z] [runtime-status] [3240] Checked functions.config() {"config":{}} {"metadata":{"emulator":{"name":"functions"},"function":{"name":"api"},"message":"[runtime-status] [3240] Checked functions.config() {\"config\":{}}"}}
[debug] [2021-03-28T05:35:52.595Z] [runtime-status] [3240] firebase-functions has been stubbed. {"functionsResolution":{"declared":true,"installed":true,"version":"3.13.2","resolution":"D:\\Max\\DeV\\Git\\GitRepositories\\clone-amazon\\functions\\node_modules\\firebase-functions\\lib\\index.js"}} {"metadata":{"emulator":{"name":"functions"},"function":{"name":"api"},"message":"[runtime-status] [3240] firebase-functions has been stubbed. {\"functionsResolution\":{\"declared\":true,\"installed\":true,\"version\":\"3.13.2\",\"resolution\":\"D:\\\\Max\\\\DeV\\\\Git\\\\GitRepositories\\\\clone-amazon\\\\functions\\\\node_modules\\\\firebase-functions\\\\lib\\\\index.js\"}}"}}
[debug] [2021-03-28T05:35:52.595Z] [runtime-status] [3240] Resolved module firebase-functions {"declared":true,"installed":true,"version":"3.13.2","resolution":"D:\\Max\\DeV\\Git\\GitRepositories\\clone-amazon\\functions\\node_modules\\firebase-functions\\lib\\index.js"} {"metadata":{"emulator":{"name":"functions"},"function":{"name":"api"},"message":"[runtime-status] [3240] Resolved module firebase-functions {\"declared\":true,\"installed\":true,\"version\":\"3.13.2\",\"resolution\":\"D:\\\\Max\\\\DeV\\\\Git\\\\GitRepositories\\\\clone-amazon\\\\functions\\\\node_modules\\\\firebase-functions\\\\lib\\\\index.js\"}"}}
[debug] [2021-03-28T05:35:52.596Z] [runtime-status] [3240] Resolved module firebase-admin {"declared":true,"installed":true,"version":"9.5.0","resolution":"D:\\Max\\DeV\\Git\\GitRepositories\\clone-amazon\\functions\\node_modules\\firebase-admin\\lib\\index.js"} {"metadata":{"emulator":{"name":"functions"},"function":{"name":"api"},"message":"[runtime-status] [3240] Resolved module firebase-admin {\"declared\":true,\"installed\":true,\"version\":\"9.5.0\",\"resolution\":\"D:\\\\Max\\\\DeV\\\\Git\\\\GitRepositories\\\\clone-amazon\\\\functions\\\\node_modules\\\\firebase-admin\\\\lib\\\\index.js\"}"}}
[debug] [2021-03-28T05:35:52.596Z] [runtime-status] [3240] Resolved module firebase-functions {"declared":true,"installed":true,"version":"3.13.2","resolution":"D:\\Max\\DeV\\Git\\GitRepositories\\clone-amazon\\functions\\node_modules\\firebase-functions\\lib\\index.js"} {"metadata":{"emulator":{"name":"functions"},"function":{"name":"api"},"message":"[runtime-status] [3240] Resolved module firebase-functions {\"declared\":true,\"installed\":true,\"version\":\"3.13.2\",\"resolution\":\"D:\\\\Max\\\\DeV\\\\Git\\\\GitRepositories\\\\clone-amazon\\\\functions\\\\node_modules\\\\firebase-functions\\\\lib\\\\index.js\"}"}}
[debug] [2021-03-28T05:35:52.596Z] [runtime-status] [3240] firebase-admin has been stubbed. {"adminResolution":{"declared":true,"installed":true,"version":"9.5.0","resolution":"D:\\Max\\DeV\\Git\\GitRepositories\\clone-amazon\\functions\\node_modules\\firebase-admin\\lib\\index.js"}} {"metadata":{"emulator":{"name":"functions"},"function":{"name":"api"},"message":"[runtime-status] [3240] firebase-admin has been stubbed. {\"adminResolution\":{\"declared\":true,\"installed\":true,\"version\":\"9.5.0\",\"resolution\":\"D:\\\\Max\\\\DeV\\\\Git\\\\GitRepositories\\\\clone-amazon\\\\functions\\\\node_modules\\\\firebase-admin\\\\lib\\\\index.js\"}}"}}
[debug] [2021-03-28T05:35:52.705Z] [runtime-status] [3240] Trigger "api" has been found, beginning invocation! {"metadata":{"emulator":{"name":"functions"},"function":{"name":"api"},"message":"[runtime-status] [3240] Trigger \"api\" has been found, beginning invocation!"}}
[info] i  functions: Beginning execution of "api" {"metadata":{"emulator":{"name":"functions"},"function":{"name":"api"},"message":"Beginning execution of \"api\""}}
[debug] [2021-03-28T05:35:52.708Z] [runtime-status] [3240] triggerDefinition {"httpsTrigger":{},"name":"api","entryPoint":"api"} {"metadata":{"emulator":{"name":"functions"},"function":{"name":"api"},"message":"[runtime-status] [3240] triggerDefinition {\"httpsTrigger\":{},\"name\":\"api\",\"entryPoint\":\"api\"}"}}
[debug] [2021-03-28T05:35:52.708Z] [runtime-status] [3240] Running api in mode HTTPS {"metadata":{"emulator":{"name":"functions"},"function":{"name":"api"},"message":"[runtime-status] [3240] Running api in mode HTTPS"}}
[debug] [2021-03-28T05:35:52.710Z] [runtime-status] [3240] Attempting to listen to socketPath: \\?\pipe\D:\Max\DeV\Git\GitRepositories\clone-amazon\functions\3240 {"metadata":{"emulator":{"name":"functions"},"function":{"name":"api"},"message":"[runtime-status] [3240] Attempting to listen to socketPath: \\\\?\\pipe\\D:\\Max\\DeV\\Git\\GitRepositories\\clone-amazon\\functions\\3240"}}
[debug] [2021-03-28T05:35:52.712Z] [functions] Runtime ready! Sending request! {"metadata":{"emulator":{"name":"functions"},"message":"[functions] Runtime ready! Sending request!"}}
[debug] [2021-03-28T05:35:52.712Z] [functions] Got req.url=/clone-b94c2/us-central1/api, mapping to path=/ {"metadata":{"emulator":{"name":"functions"},"message":"[functions] Got req.url=/clone-b94c2/us-central1/api, mapping to path=/"}}
[debug] [2021-03-28T05:35:52.718Z] [runtime-status] [3240] Ephemeral server handling GET request {"metadata":{"emulator":{"name":"functions"},"function":{"name":"api"},"message":"[runtime-status] [3240] Ephemeral server handling GET request"}}
[debug] [2021-03-28T05:35:52.723Z] [runtime-status] [3240] Ephemeral server survived. {"metadata":{"emulator":{"name":"functions"},"function":{"name":"api"},"message":"[runtime-status] [3240] Ephemeral server survived."}}
[info] i  functions: Finished "api" in ~1s {"metadata":{"emulator":{"name":"functions"},"function":{"name":"api"},"message":"Finished \"api\" in ~1s"}}
[debug] [2021-03-28T05:35:52.728Z] [worker-api-debc561c-e685-4b3d-af8a-c7a1240b4625]: IDLE {"metadata":{"emulator":{"name":"functions"},"message":"[worker-api-debc561c-e685-4b3d-af8a-c7a1240b4625]: IDLE"}}
[debug] [2021-03-28T05:35:52.728Z] [work-queue] {"queueLength":0,"workRunningCount":0}
[debug] [2021-03-28T05:35:52.905Z] Functions emulator received unknown request at path /favicon.ico
[debug] [2021-03-28T05:37:11.608Z] File D:\Max\DeV\Git\GitRepositories\clone-amazon\functions\index.js changed, reloading triggers {"metadata":{"emulator":{"name":"functions"},"message":"File D:\\Max\\DeV\\Git\\GitRepositories\\clone-amazon\\functions\\index.js changed, reloading triggers"}}
[debug] [2021-03-28T05:37:12.608Z] [worker-pool] Shutting down IDLE worker (~diagnostic~) {"metadata":{"emulator":{"name":"functions"},"message":"[worker-pool] Shutting down IDLE worker (~diagnostic~)"}}
[debug] [2021-03-28T05:37:12.608Z] [worker-~diagnostic~-64b72342-e04d-44cc-acc2-09ec89687f36]: FINISHING {"metadata":{"emulator":{"name":"functions"},"message":"[worker-~diagnostic~-64b72342-e04d-44cc-acc2-09ec89687f36]: FINISHING"}}
[debug] [2021-03-28T05:37:12.608Z] [worker-pool] Shutting down IDLE worker (api) {"metadata":{"emulator":{"name":"functions"},"message":"[worker-pool] Shutting down IDLE worker (api)"}}
[debug] [2021-03-28T05:37:12.608Z] [worker-api-debc561c-e685-4b3d-af8a-c7a1240b4625]: FINISHING {"metadata":{"emulator":{"name":"functions"},"message":"[worker-api-debc561c-e685-4b3d-af8a-c7a1240b4625]: FINISHING"}}
[debug] [2021-03-28T05:37:12.611Z] [worker-pool] addWorker(~diagnostic~) {"metadata":{"emulator":{"name":"functions"},"message":"[worker-pool] addWorker(~diagnostic~)"}}
[debug] [2021-03-28T05:37:12.612Z] [worker-pool] Adding worker with key ~diagnostic~, total=2 {"metadata":{"emulator":{"name":"functions"},"message":"[worker-pool] Adding worker with key ~diagnostic~, total=2"}}
[debug] [2021-03-28T05:37:12.612Z] [worker-pool] submitWork(triggerId=) {"metadata":{"emulator":{"name":"functions"},"message":"[worker-pool] submitWork(triggerId=)"}}
[debug] [2021-03-28T05:37:12.612Z] [worker-~diagnostic~-bcc7c6ea-3965-431d-b856-9ee9e8f6bad6]: Assigning socketPath: \\?\pipe\D:\Max\DeV\Git\GitRepositories\clone-amazon\functions\10336 {"metadata":{"emulator":{"name":"functions"},"message":"[worker-~diagnostic~-bcc7c6ea-3965-431d-b856-9ee9e8f6bad6]: Assigning socketPath: \\\\?\\pipe\\D:\\Max\\DeV\\Git\\GitRepositories\\clone-amazon\\functions\\10336"}}
[debug] [2021-03-28T05:37:12.612Z] [worker-~diagnostic~-bcc7c6ea-3965-431d-b856-9ee9e8f6bad6]: BUSY {"metadata":{"emulator":{"name":"functions"},"message":"[worker-~diagnostic~-bcc7c6ea-3965-431d-b856-9ee9e8f6bad6]: BUSY"}}
[debug] [2021-03-28T05:37:12.612Z] [worker-~diagnostic~-64b72342-e04d-44cc-acc2-09ec89687f36]: exited {"metadata":{"emulator":{"name":"functions"},"message":"[worker-~diagnostic~-64b72342-e04d-44cc-acc2-09ec89687f36]: exited"}}
[debug] [2021-03-28T05:37:12.612Z] [worker-~diagnostic~-64b72342-e04d-44cc-acc2-09ec89687f36]: FINISHED {"metadata":{"emulator":{"name":"functions"},"message":"[worker-~diagnostic~-64b72342-e04d-44cc-acc2-09ec89687f36]: FINISHED"}}
[debug] [2021-03-28T05:37:12.612Z] [worker-api-debc561c-e685-4b3d-af8a-c7a1240b4625]: exited {"metadata":{"emulator":{"name":"functions"},"message":"[worker-api-debc561c-e685-4b3d-af8a-c7a1240b4625]: exited"}}
[debug] [2021-03-28T05:37:12.612Z] [worker-api-debc561c-e685-4b3d-af8a-c7a1240b4625]: FINISHED {"metadata":{"emulator":{"name":"functions"},"message":"[worker-api-debc561c-e685-4b3d-af8a-c7a1240b4625]: FINISHED"}}
[debug] [2021-03-28T05:37:12.769Z] [runtime-status] [10336] Functions runtime initialized. {"cwd":"D:\\Max\\DeV\\Git\\GitRepositories\\clone-amazon\\functions","node_version":"12.18.3"} {"metadata":{"emulator":{"name":"functions"},"message":"[runtime-status] [10336] Functions runtime initialized. {\"cwd\":\"D:\\\\Max\\\\DeV\\\\Git\\\\GitRepositories\\\\clone-amazon\\\\functions\",\"node_version\":\"12.18.3\"}"}}
[debug] [2021-03-28T05:37:12.769Z] [runtime-status] [10336] Disabled runtime features: undefined {"metadata":{"emulator":{"name":"functions"},"message":"[runtime-status] [10336] Disabled runtime features: undefined"}}
[debug] [2021-03-28T05:37:12.773Z] [runtime-status] [10336] Resolved module firebase-admin {"declared":true,"installed":true,"version":"9.5.0","resolution":"D:\\Max\\DeV\\Git\\GitRepositories\\clone-amazon\\functions\\node_modules\\firebase-admin\\lib\\index.js"} {"metadata":{"emulator":{"name":"functions"},"message":"[runtime-status] [10336] Resolved module firebase-admin {\"declared\":true,\"installed\":true,\"version\":\"9.5.0\",\"resolution\":\"D:\\\\Max\\\\DeV\\\\Git\\\\GitRepositories\\\\clone-amazon\\\\functions\\\\node_modules\\\\firebase-admin\\\\lib\\\\index.js\"}"}}
[debug] [2021-03-28T05:37:12.776Z] [runtime-status] [10336] Resolved module firebase-functions {"declared":true,"installed":true,"version":"3.13.2","resolution":"D:\\Max\\DeV\\Git\\GitRepositories\\clone-amazon\\functions\\node_modules\\firebase-functions\\lib\\index.js"} {"metadata":{"emulator":{"name":"functions"},"message":"[runtime-status] [10336] Resolved module firebase-functions {\"declared\":true,\"installed\":true,\"version\":\"3.13.2\",\"resolution\":\"D:\\\\Max\\\\DeV\\\\Git\\\\GitRepositories\\\\clone-amazon\\\\functions\\\\node_modules\\\\firebase-functions\\\\lib\\\\index.js\"}"}}
[debug] [2021-03-28T05:37:12.777Z] [runtime-status] [10336] Resolved module firebase-functions {"declared":true,"installed":true,"version":"3.13.2","resolution":"D:\\Max\\DeV\\Git\\GitRepositories\\clone-amazon\\functions\\node_modules\\firebase-functions\\lib\\index.js"} {"metadata":{"emulator":{"name":"functions"},"message":"[runtime-status] [10336] Resolved module firebase-functions {\"declared\":true,\"installed\":true,\"version\":\"3.13.2\",\"resolution\":\"D:\\\\Max\\\\DeV\\\\Git\\\\GitRepositories\\\\clone-amazon\\\\functions\\\\node_modules\\\\firebase-functions\\\\lib\\\\index.js\"}"}}
[debug] [2021-03-28T05:37:12.778Z] [runtime-status] [10336] Outgoing network have been stubbed. [{"name":"http","status":"mocked"},{"name":"http","status":"mocked"},{"name":"https","status":"mocked"},{"name":"https","status":"mocked"},{"name":"net","status":"mocked"}] {"metadata":{"emulator":{"name":"functions"},"message":"[runtime-status] [10336] Outgoing network have been stubbed. [{\"name\":\"http\",\"status\":\"mocked\"},{\"name\":\"http\",\"status\":\"mocked\"},{\"name\":\"https\",\"status\":\"mocked\"},{\"name\":\"https\",\"status\":\"mocked\"},{\"name\":\"net\",\"status\":\"mocked\"}]"}}
[debug] [2021-03-28T05:37:12.779Z] [runtime-status] [10336] Resolved module firebase-functions {"declared":true,"installed":true,"version":"3.13.2","resolution":"D:\\Max\\DeV\\Git\\GitRepositories\\clone-amazon\\functions\\node_modules\\firebase-functions\\lib\\index.js"} {"metadata":{"emulator":{"name":"functions"},"message":"[runtime-status] [10336] Resolved module firebase-functions {\"declared\":true,\"installed\":true,\"version\":\"3.13.2\",\"resolution\":\"D:\\\\Max\\\\DeV\\\\Git\\\\GitRepositories\\\\clone-amazon\\\\functions\\\\node_modules\\\\firebase-functions\\\\lib\\\\index.js\"}"}}
[debug] [2021-03-28T05:37:12.813Z] [runtime-status] [10336] Checked functions.config() {"config":{}} {"metadata":{"emulator":{"name":"functions"},"message":"[runtime-status] [10336] Checked functions.config() {\"config\":{}}"}}
[debug] [2021-03-28T05:37:12.813Z] [runtime-status] [10336] firebase-functions has been stubbed. {"functionsResolution":{"declared":true,"installed":true,"version":"3.13.2","resolution":"D:\\Max\\DeV\\Git\\GitRepositories\\clone-amazon\\functions\\node_modules\\firebase-functions\\lib\\index.js"}} {"metadata":{"emulator":{"name":"functions"},"message":"[runtime-status] [10336] firebase-functions has been stubbed. {\"functionsResolution\":{\"declared\":true,\"installed\":true,\"version\":\"3.13.2\",\"resolution\":\"D:\\\\Max\\\\DeV\\\\Git\\\\GitRepositories\\\\clone-amazon\\\\functions\\\\node_modules\\\\firebase-functions\\\\lib\\\\index.js\"}}"}}
[debug] [2021-03-28T05:37:12.814Z] [runtime-status] [10336] Resolved module firebase-functions {"declared":true,"installed":true,"version":"3.13.2","resolution":"D:\\Max\\DeV\\Git\\GitRepositories\\clone-amazon\\functions\\node_modules\\firebase-functions\\lib\\index.js"} {"metadata":{"emulator":{"name":"functions"},"message":"[runtime-status] [10336] Resolved module firebase-functions {\"declared\":true,\"installed\":true,\"version\":\"3.13.2\",\"resolution\":\"D:\\\\Max\\\\DeV\\\\Git\\\\GitRepositories\\\\clone-amazon\\\\functions\\\\node_modules\\\\firebase-functions\\\\lib\\\\index.js\"}"}}
[debug] [2021-03-28T05:37:12.815Z] [runtime-status] [10336] Resolved module firebase-admin {"declared":true,"installed":true,"version":"9.5.0","resolution":"D:\\Max\\DeV\\Git\\GitRepositories\\clone-amazon\\functions\\node_modules\\firebase-admin\\lib\\index.js"} {"metadata":{"emulator":{"name":"functions"},"message":"[runtime-status] [10336] Resolved module firebase-admin {\"declared\":true,\"installed\":true,\"version\":\"9.5.0\",\"resolution\":\"D:\\\\Max\\\\DeV\\\\Git\\\\GitRepositories\\\\clone-amazon\\\\functions\\\\node_modules\\\\firebase-admin\\\\lib\\\\index.js\"}"}}
[debug] [2021-03-28T05:37:12.815Z] [runtime-status] [10336] Resolved module firebase-functions {"declared":true,"installed":true,"version":"3.13.2","resolution":"D:\\Max\\DeV\\Git\\GitRepositories\\clone-amazon\\functions\\node_modules\\firebase-functions\\lib\\index.js"} {"metadata":{"emulator":{"name":"functions"},"message":"[runtime-status] [10336] Resolved module firebase-functions {\"declared\":true,\"installed\":true,\"version\":\"3.13.2\",\"resolution\":\"D:\\\\Max\\\\DeV\\\\Git\\\\GitRepositories\\\\clone-amazon\\\\functions\\\\node_modules\\\\firebase-functions\\\\lib\\\\index.js\"}"}}
[debug] [2021-03-28T05:37:12.815Z] [runtime-status] [10336] firebase-admin has been stubbed. {"adminResolution":{"declared":true,"installed":true,"version":"9.5.0","resolution":"D:\\Max\\DeV\\Git\\GitRepositories\\clone-amazon\\functions\\node_modules\\firebase-admin\\lib\\index.js"}} {"metadata":{"emulator":{"name":"functions"},"message":"[runtime-status] [10336] firebase-admin has been stubbed. {\"adminResolution\":{\"declared\":true,\"installed\":true,\"version\":\"9.5.0\",\"resolution\":\"D:\\\\Max\\\\DeV\\\\Git\\\\GitRepositories\\\\clone-amazon\\\\functions\\\\node_modules\\\\firebase-admin\\\\lib\\\\index.js\"}}"}}
[debug] [2021-03-28T05:37:12.923Z] [worker-~diagnostic~-bcc7c6ea-3965-431d-b856-9ee9e8f6bad6]: IDLE {"metadata":{"emulator":{"name":"functions"},"message":"[worker-~diagnostic~-bcc7c6ea-3965-431d-b856-9ee9e8f6bad6]: IDLE"}}
[debug] [2021-03-28T05:37:23.321Z] [work-queue] {"queueLength":1,"workRunningCount":0}
[debug] [2021-03-28T05:37:23.321Z] [work-queue] {"queueLength":0,"workRunningCount":1}
[debug] [2021-03-28T05:37:23.322Z] [work-queue] {"queueLength":0,"workRunningCount":0}
[debug] [2021-03-28T05:37:43.237Z] [work-queue] {"queueLength":1,"workRunningCount":0}
[debug] [2021-03-28T05:37:43.237Z] [work-queue] {"queueLength":0,"workRunningCount":1}
[debug] [2021-03-28T05:37:43.237Z] Accepted request GET /clone-b94c2/us-central1/api/master --> api
[debug] [2021-03-28T05:37:43.237Z] [worker-pool] Cleaned up workers for ~diagnostic~: 2 --> 1 {"metadata":{"emulator":{"name":"functions"},"message":"[worker-pool] Cleaned up workers for ~diagnostic~: 2 --> 1"}}
[debug] [2021-03-28T05:37:43.237Z] [worker-pool] Cleaned up workers for api: 1 --> 0 {"metadata":{"emulator":{"name":"functions"},"message":"[worker-pool] Cleaned up workers for api: 1 --> 0"}}
[debug] [2021-03-28T05:37:43.241Z] [worker-pool] addWorker(api) {"metadata":{"emulator":{"name":"functions"},"message":"[worker-pool] addWorker(api)"}}
[debug] [2021-03-28T05:37:43.242Z] [worker-pool] Adding worker with key api, total=1 {"metadata":{"emulator":{"name":"functions"},"message":"[worker-pool] Adding worker with key api, total=1"}}
[debug] [2021-03-28T05:37:43.242Z] [worker-pool] submitWork(triggerId=api) {"metadata":{"emulator":{"name":"functions"},"message":"[worker-pool] submitWork(triggerId=api)"}}
[debug] [2021-03-28T05:37:43.242Z] [worker-api-61564654-459b-46ac-acb5-ec2607a4a1d4]: Assigning socketPath: \\?\pipe\D:\Max\DeV\Git\GitRepositories\clone-amazon\functions\14496 {"metadata":{"emulator":{"name":"functions"},"message":"[worker-api-61564654-459b-46ac-acb5-ec2607a4a1d4]: Assigning socketPath: \\\\?\\pipe\\D:\\Max\\DeV\\Git\\GitRepositories\\clone-amazon\\functions\\14496"}}
[debug] [2021-03-28T05:37:43.242Z] [worker-api-61564654-459b-46ac-acb5-ec2607a4a1d4]: BUSY {"metadata":{"emulator":{"name":"functions"},"message":"[worker-api-61564654-459b-46ac-acb5-ec2607a4a1d4]: BUSY"}}
[debug] [2021-03-28T05:37:43.394Z] [runtime-status] [14496] Functions runtime initialized. {"cwd":"D:\\Max\\DeV\\Git\\GitRepositories\\clone-amazon\\functions","node_version":"12.18.3"} {"metadata":{"emulator":{"name":"functions"},"function":{"name":"api"},"message":"[runtime-status] [14496] Functions runtime initialized. {\"cwd\":\"D:\\\\Max\\\\DeV\\\\Git\\\\GitRepositories\\\\clone-amazon\\\\functions\",\"node_version\":\"12.18.3\"}"}}
[debug] [2021-03-28T05:37:43.395Z] [runtime-status] [14496] Disabled runtime features: undefined {"metadata":{"emulator":{"name":"functions"},"function":{"name":"api"},"message":"[runtime-status] [14496] Disabled runtime features: undefined"}}
[debug] [2021-03-28T05:37:43.397Z] [runtime-status] [14496] Resolved module firebase-admin {"declared":true,"installed":true,"version":"9.5.0","resolution":"D:\\Max\\DeV\\Git\\GitRepositories\\clone-amazon\\functions\\node_modules\\firebase-admin\\lib\\index.js"} {"metadata":{"emulator":{"name":"functions"},"function":{"name":"api"},"message":"[runtime-status] [14496] Resolved module firebase-admin {\"declared\":true,\"installed\":true,\"version\":\"9.5.0\",\"resolution\":\"D:\\\\Max\\\\DeV\\\\Git\\\\GitRepositories\\\\clone-amazon\\\\functions\\\\node_modules\\\\firebase-admin\\\\lib\\\\index.js\"}"}}
[debug] [2021-03-28T05:37:43.398Z] [runtime-status] [14496] Resolved module firebase-functions {"declared":true,"installed":true,"version":"3.13.2","resolution":"D:\\Max\\DeV\\Git\\GitRepositories\\clone-amazon\\functions\\node_modules\\firebase-functions\\lib\\index.js"} {"metadata":{"emulator":{"name":"functions"},"function":{"name":"api"},"message":"[runtime-status] [14496] Resolved module firebase-functions {\"declared\":true,\"installed\":true,\"version\":\"3.13.2\",\"resolution\":\"D:\\\\Max\\\\DeV\\\\Git\\\\GitRepositories\\\\clone-amazon\\\\functions\\\\node_modules\\\\firebase-functions\\\\lib\\\\index.js\"}"}}
[debug] [2021-03-28T05:37:43.400Z] [runtime-status] [14496] Resolved module firebase-functions {"declared":true,"installed":true,"version":"3.13.2","resolution":"D:\\Max\\DeV\\Git\\GitRepositories\\clone-amazon\\functions\\node_modules\\firebase-functions\\lib\\index.js"} {"metadata":{"emulator":{"name":"functions"},"function":{"name":"api"},"message":"[runtime-status] [14496] Resolved module firebase-functions {\"declared\":true,\"installed\":true,\"version\":\"3.13.2\",\"resolution\":\"D:\\\\Max\\\\DeV\\\\Git\\\\GitRepositories\\\\clone-amazon\\\\functions\\\\node_modules\\\\firebase-functions\\\\lib\\\\index.js\"}"}}
[debug] [2021-03-28T05:37:43.401Z] [runtime-status] [14496] Outgoing network have been stubbed. [{"name":"http","status":"mocked"},{"name":"http","status":"mocked"},{"name":"https","status":"mocked"},{"name":"https","status":"mocked"},{"name":"net","status":"mocked"}] {"metadata":{"emulator":{"name":"functions"},"function":{"name":"api"},"message":"[runtime-status] [14496] Outgoing network have been stubbed. [{\"name\":\"http\",\"status\":\"mocked\"},{\"name\":\"http\",\"status\":\"mocked\"},{\"name\":\"https\",\"status\":\"mocked\"},{\"name\":\"https\",\"status\":\"mocked\"},{\"name\":\"net\",\"status\":\"mocked\"}]"}}
[debug] [2021-03-28T05:37:43.402Z] [runtime-status] [14496] Resolved module firebase-functions {"declared":true,"installed":true,"version":"3.13.2","resolution":"D:\\Max\\DeV\\Git\\GitRepositories\\clone-amazon\\functions\\node_modules\\firebase-functions\\lib\\index.js"} {"metadata":{"emulator":{"name":"functions"},"function":{"name":"api"},"message":"[runtime-status] [14496] Resolved module firebase-functions {\"declared\":true,\"installed\":true,\"version\":\"3.13.2\",\"resolution\":\"D:\\\\Max\\\\DeV\\\\Git\\\\GitRepositories\\\\clone-amazon\\\\functions\\\\node_modules\\\\firebase-functions\\\\lib\\\\index.js\"}"}}
[debug] [2021-03-28T05:37:43.433Z] [runtime-status] [14496] Checked functions.config() {"config":{}} {"metadata":{"emulator":{"name":"functions"},"function":{"name":"api"},"message":"[runtime-status] [14496] Checked functions.config() {\"config\":{}}"}}
[debug] [2021-03-28T05:37:43.433Z] [runtime-status] [14496] firebase-functions has been stubbed. {"functionsResolution":{"declared":true,"installed":true,"version":"3.13.2","resolution":"D:\\Max\\DeV\\Git\\GitRepositories\\clone-amazon\\functions\\node_modules\\firebase-functions\\lib\\index.js"}} {"metadata":{"emulator":{"name":"functions"},"function":{"name":"api"},"message":"[runtime-status] [14496] firebase-functions has been stubbed. {\"functionsResolution\":{\"declared\":true,\"installed\":true,\"version\":\"3.13.2\",\"resolution\":\"D:\\\\Max\\\\DeV\\\\Git\\\\GitRepositories\\\\clone-amazon\\\\functions\\\\node_modules\\\\firebase-functions\\\\lib\\\\index.js\"}}"}}
[debug] [2021-03-28T05:37:43.433Z] [runtime-status] [14496] Resolved module firebase-functions {"declared":true,"installed":true,"version":"3.13.2","resolution":"D:\\Max\\DeV\\Git\\GitRepositories\\clone-amazon\\functions\\node_modules\\firebase-functions\\lib\\index.js"} {"metadata":{"emulator":{"name":"functions"},"function":{"name":"api"},"message":"[runtime-status] [14496] Resolved module firebase-functions {\"declared\":true,\"installed\":true,\"version\":\"3.13.2\",\"resolution\":\"D:\\\\Max\\\\DeV\\\\Git\\\\GitRepositories\\\\clone-amazon\\\\functions\\\\node_modules\\\\firebase-functions\\\\lib\\\\index.js\"}"}}
[debug] [2021-03-28T05:37:43.434Z] [runtime-status] [14496] Resolved module firebase-admin {"declared":true,"installed":true,"version":"9.5.0","resolution":"D:\\Max\\DeV\\Git\\GitRepositories\\clone-amazon\\functions\\node_modules\\firebase-admin\\lib\\index.js"} {"metadata":{"emulator":{"name":"functions"},"function":{"name":"api"},"message":"[runtime-status] [14496] Resolved module firebase-admin {\"declared\":true,\"installed\":true,\"version\":\"9.5.0\",\"resolution\":\"D:\\\\Max\\\\DeV\\\\Git\\\\GitRepositories\\\\clone-amazon\\\\functions\\\\node_modules\\\\firebase-admin\\\\lib\\\\index.js\"}"}}
[debug] [2021-03-28T05:37:43.435Z] [runtime-status] [14496] Resolved module firebase-functions {"declared":true,"installed":true,"version":"3.13.2","resolution":"D:\\Max\\DeV\\Git\\GitRepositories\\clone-amazon\\functions\\node_modules\\firebase-functions\\lib\\index.js"} {"metadata":{"emulator":{"name":"functions"},"function":{"name":"api"},"message":"[runtime-status] [14496] Resolved module firebase-functions {\"declared\":true,\"installed\":true,\"version\":\"3.13.2\",\"resolution\":\"D:\\\\Max\\\\DeV\\\\Git\\\\GitRepositories\\\\clone-amazon\\\\functions\\\\node_modules\\\\firebase-functions\\\\lib\\\\index.js\"}"}}
[debug] [2021-03-28T05:37:43.435Z] [runtime-status] [14496] firebase-admin has been stubbed. {"adminResolution":{"declared":true,"installed":true,"version":"9.5.0","resolution":"D:\\Max\\DeV\\Git\\GitRepositories\\clone-amazon\\functions\\node_modules\\firebase-admin\\lib\\index.js"}} {"metadata":{"emulator":{"name":"functions"},"function":{"name":"api"},"message":"[runtime-status] [14496] firebase-admin has been stubbed. {\"adminResolution\":{\"declared\":true,\"installed\":true,\"version\":\"9.5.0\",\"resolution\":\"D:\\\\Max\\\\DeV\\\\Git\\\\GitRepositories\\\\clone-amazon\\\\functions\\\\node_modules\\\\firebase-admin\\\\lib\\\\index.js\"}}"}}
[debug] [2021-03-28T05:37:43.536Z] [runtime-status] [14496] Trigger "api" has been found, beginning invocation! {"metadata":{"emulator":{"name":"functions"},"function":{"name":"api"},"message":"[runtime-status] [14496] Trigger \"api\" has been found, beginning invocation!"}}
[info] i  functions: Beginning execution of "api" {"metadata":{"emulator":{"name":"functions"},"function":{"name":"api"},"message":"Beginning execution of \"api\""}}
[debug] [2021-03-28T05:37:43.537Z] [runtime-status] [14496] triggerDefinition {"httpsTrigger":{},"name":"api","entryPoint":"api"} {"metadata":{"emulator":{"name":"functions"},"function":{"name":"api"},"message":"[runtime-status] [14496] triggerDefinition {\"httpsTrigger\":{},\"name\":\"api\",\"entryPoint\":\"api\"}"}}
[debug] [2021-03-28T05:37:43.537Z] [runtime-status] [14496] Running api in mode HTTPS {"metadata":{"emulator":{"name":"functions"},"function":{"name":"api"},"message":"[runtime-status] [14496] Running api in mode HTTPS"}}
[debug] [2021-03-28T05:37:43.539Z] [runtime-status] [14496] Attempting to listen to socketPath: \\?\pipe\D:\Max\DeV\Git\GitRepositories\clone-amazon\functions\14496 {"metadata":{"emulator":{"name":"functions"},"function":{"name":"api"},"message":"[runtime-status] [14496] Attempting to listen to socketPath: \\\\?\\pipe\\D:\\Max\\DeV\\Git\\GitRepositories\\clone-amazon\\functions\\14496"}}
[debug] [2021-03-28T05:37:43.541Z] [functions] Runtime ready! Sending request! {"metadata":{"emulator":{"name":"functions"},"message":"[functions] Runtime ready! Sending request!"}}
[debug] [2021-03-28T05:37:43.541Z] [functions] Got req.url=/clone-b94c2/us-central1/api/master, mapping to path=/master {"metadata":{"emulator":{"name":"functions"},"message":"[functions] Got req.url=/clone-b94c2/us-central1/api/master, mapping to path=/master"}}
[debug] [2021-03-28T05:37:43.550Z] [runtime-status] [14496] Ephemeral server handling GET request {"metadata":{"emulator":{"name":"functions"},"function":{"name":"api"},"message":"[runtime-status] [14496] Ephemeral server handling GET request"}}
[debug] [2021-03-28T05:37:43.554Z] [runtime-status] [14496] Ephemeral server survived. {"metadata":{"emulator":{"name":"functions"},"function":{"name":"api"},"message":"[runtime-status] [14496] Ephemeral server survived."}}
[info] i  functions: Finished "api" in ~1s {"metadata":{"emulator":{"name":"functions"},"function":{"name":"api"},"message":"Finished \"api\" in ~1s"}}
[debug] [2021-03-28T05:37:43.557Z] [worker-api-61564654-459b-46ac-acb5-ec2607a4a1d4]: IDLE {"metadata":{"emulator":{"name":"functions"},"message":"[worker-api-61564654-459b-46ac-acb5-ec2607a4a1d4]: IDLE"}}
[debug] [2021-03-28T05:37:43.557Z] [work-queue] {"queueLength":0,"workRunningCount":0}
[debug] [2021-03-28T05:48:44.748Z] File D:\Max\DeV\Git\GitRepositories\clone-amazon\functions\index.js changed, reloading triggers {"metadata":{"emulator":{"name":"functions"},"message":"File D:\\Max\\DeV\\Git\\GitRepositories\\clone-amazon\\functions\\index.js changed, reloading triggers"}}
[debug] [2021-03-28T05:48:44.818Z] File D:\Max\DeV\Git\GitRepositories\clone-amazon\functions\index.js changed, reloading triggers {"metadata":{"emulator":{"name":"functions"},"message":"File D:\\Max\\DeV\\Git\\GitRepositories\\clone-amazon\\functions\\index.js changed, reloading triggers"}}
[debug] [2021-03-28T05:48:45.818Z] [worker-pool] Shutting down IDLE worker (~diagnostic~) {"metadata":{"emulator":{"name":"functions"},"message":"[worker-pool] Shutting down IDLE worker (~diagnostic~)"}}
[debug] [2021-03-28T05:48:45.819Z] [worker-~diagnostic~-bcc7c6ea-3965-431d-b856-9ee9e8f6bad6]: FINISHING {"metadata":{"emulator":{"name":"functions"},"message":"[worker-~diagnostic~-bcc7c6ea-3965-431d-b856-9ee9e8f6bad6]: FINISHING"}}
[debug] [2021-03-28T05:48:45.819Z] [worker-pool] Shutting down IDLE worker (api) {"metadata":{"emulator":{"name":"functions"},"message":"[worker-pool] Shutting down IDLE worker (api)"}}
[debug] [2021-03-28T05:48:45.819Z] [worker-api-61564654-459b-46ac-acb5-ec2607a4a1d4]: FINISHING {"metadata":{"emulator":{"name":"functions"},"message":"[worker-api-61564654-459b-46ac-acb5-ec2607a4a1d4]: FINISHING"}}
[debug] [2021-03-28T05:48:45.822Z] [worker-pool] addWorker(~diagnostic~) {"metadata":{"emulator":{"name":"functions"},"message":"[worker-pool] addWorker(~diagnostic~)"}}
[debug] [2021-03-28T05:48:45.823Z] [worker-pool] Adding worker with key ~diagnostic~, total=2 {"metadata":{"emulator":{"name":"functions"},"message":"[worker-pool] Adding worker with key ~diagnostic~, total=2"}}
[debug] [2021-03-28T05:48:45.823Z] [worker-pool] submitWork(triggerId=) {"metadata":{"emulator":{"name":"functions"},"message":"[worker-pool] submitWork(triggerId=)"}}
[debug] [2021-03-28T05:48:45.823Z] [worker-~diagnostic~-faf8c9d9-9419-45cd-be29-121ed3512974]: Assigning socketPath: \\?\pipe\D:\Max\DeV\Git\GitRepositories\clone-amazon\functions\5852 {"metadata":{"emulator":{"name":"functions"},"message":"[worker-~diagnostic~-faf8c9d9-9419-45cd-be29-121ed3512974]: Assigning socketPath: \\\\?\\pipe\\D:\\Max\\DeV\\Git\\GitRepositories\\clone-amazon\\functions\\5852"}}
[debug] [2021-03-28T05:48:45.823Z] [worker-~diagnostic~-faf8c9d9-9419-45cd-be29-121ed3512974]: BUSY {"metadata":{"emulator":{"name":"functions"},"message":"[worker-~diagnostic~-faf8c9d9-9419-45cd-be29-121ed3512974]: BUSY"}}
[debug] [2021-03-28T05:48:45.823Z] [worker-~diagnostic~-bcc7c6ea-3965-431d-b856-9ee9e8f6bad6]: exited {"metadata":{"emulator":{"name":"functions"},"message":"[worker-~diagnostic~-bcc7c6ea-3965-431d-b856-9ee9e8f6bad6]: exited"}}
[debug] [2021-03-28T05:48:45.823Z] [worker-~diagnostic~-bcc7c6ea-3965-431d-b856-9ee9e8f6bad6]: FINISHED {"metadata":{"emulator":{"name":"functions"},"message":"[worker-~diagnostic~-bcc7c6ea-3965-431d-b856-9ee9e8f6bad6]: FINISHED"}}
[debug] [2021-03-28T05:48:45.823Z] [worker-api-61564654-459b-46ac-acb5-ec2607a4a1d4]: exited {"metadata":{"emulator":{"name":"functions"},"message":"[worker-api-61564654-459b-46ac-acb5-ec2607a4a1d4]: exited"}}
[debug] [2021-03-28T05:48:45.823Z] [worker-api-61564654-459b-46ac-acb5-ec2607a4a1d4]: FINISHED {"metadata":{"emulator":{"name":"functions"},"message":"[worker-api-61564654-459b-46ac-acb5-ec2607a4a1d4]: FINISHED"}}
[debug] [2021-03-28T05:48:45.984Z] [runtime-status] [5852] Functions runtime initialized. {"cwd":"D:\\Max\\DeV\\Git\\GitRepositories\\clone-amazon\\functions","node_version":"12.18.3"} {"metadata":{"emulator":{"name":"functions"},"message":"[runtime-status] [5852] Functions runtime initialized. {\"cwd\":\"D:\\\\Max\\\\DeV\\\\Git\\\\GitRepositories\\\\clone-amazon\\\\functions\",\"node_version\":\"12.18.3\"}"}}
[debug] [2021-03-28T05:48:45.986Z] [runtime-status] [5852] Disabled runtime features: undefined {"metadata":{"emulator":{"name":"functions"},"message":"[runtime-status] [5852] Disabled runtime features: undefined"}}
[debug] [2021-03-28T05:48:45.988Z] [runtime-status] [5852] Resolved module firebase-admin {"declared":true,"installed":true,"version":"9.5.0","resolution":"D:\\Max\\DeV\\Git\\GitRepositories\\clone-amazon\\functions\\node_modules\\firebase-admin\\lib\\index.js"} {"metadata":{"emulator":{"name":"functions"},"message":"[runtime-status] [5852] Resolved module firebase-admin {\"declared\":true,\"installed\":true,\"version\":\"9.5.0\",\"resolution\":\"D:\\\\Max\\\\DeV\\\\Git\\\\GitRepositories\\\\clone-amazon\\\\functions\\\\node_modules\\\\firebase-admin\\\\lib\\\\index.js\"}"}}
[debug] [2021-03-28T05:48:45.991Z] [runtime-status] [5852] Resolved module firebase-functions {"declared":true,"installed":true,"version":"3.13.2","resolution":"D:\\Max\\DeV\\Git\\GitRepositories\\clone-amazon\\functions\\node_modules\\firebase-functions\\lib\\index.js"} {"metadata":{"emulator":{"name":"functions"},"message":"[runtime-status] [5852] Resolved module firebase-functions {\"declared\":true,\"installed\":true,\"version\":\"3.13.2\",\"resolution\":\"D:\\\\Max\\\\DeV\\\\Git\\\\GitRepositories\\\\clone-amazon\\\\functions\\\\node_modules\\\\firebase-functions\\\\lib\\\\index.js\"}"}}
[debug] [2021-03-28T05:48:45.992Z] [runtime-status] [5852] Resolved module firebase-functions {"declared":true,"installed":true,"version":"3.13.2","resolution":"D:\\Max\\DeV\\Git\\GitRepositories\\clone-amazon\\functions\\node_modules\\firebase-functions\\lib\\index.js"} {"metadata":{"emulator":{"name":"functions"},"message":"[runtime-status] [5852] Resolved module firebase-functions {\"declared\":true,\"installed\":true,\"version\":\"3.13.2\",\"resolution\":\"D:\\\\Max\\\\DeV\\\\Git\\\\GitRepositories\\\\clone-amazon\\\\functions\\\\node_modules\\\\firebase-functions\\\\lib\\\\index.js\"}"}}
[debug] [2021-03-28T05:48:45.993Z] [runtime-status] [5852] Outgoing network have been stubbed. [{"name":"http","status":"mocked"},{"name":"http","status":"mocked"},{"name":"https","status":"mocked"},{"name":"https","status":"mocked"},{"name":"net","status":"mocked"}] {"metadata":{"emulator":{"name":"functions"},"message":"[runtime-status] [5852] Outgoing network have been stubbed. [{\"name\":\"http\",\"status\":\"mocked\"},{\"name\":\"http\",\"status\":\"mocked\"},{\"name\":\"https\",\"status\":\"mocked\"},{\"name\":\"https\",\"status\":\"mocked\"},{\"name\":\"net\",\"status\":\"mocked\"}]"}}
[debug] [2021-03-28T05:48:45.995Z] [runtime-status] [5852] Resolved module firebase-functions {"declared":true,"installed":true,"version":"3.13.2","resolution":"D:\\Max\\DeV\\Git\\GitRepositories\\clone-amazon\\functions\\node_modules\\firebase-functions\\lib\\index.js"} {"metadata":{"emulator":{"name":"functions"},"message":"[runtime-status] [5852] Resolved module firebase-functions {\"declared\":true,\"installed\":true,\"version\":\"3.13.2\",\"resolution\":\"D:\\\\Max\\\\DeV\\\\Git\\\\GitRepositories\\\\clone-amazon\\\\functions\\\\node_modules\\\\firebase-functions\\\\lib\\\\index.js\"}"}}
[debug] [2021-03-28T05:48:46.031Z] [runtime-status] [5852] Checked functions.config() {"config":{}} {"metadata":{"emulator":{"name":"functions"},"message":"[runtime-status] [5852] Checked functions.config() {\"config\":{}}"}}
[debug] [2021-03-28T05:48:46.031Z] [runtime-status] [5852] firebase-functions has been stubbed. {"functionsResolution":{"declared":true,"installed":true,"version":"3.13.2","resolution":"D:\\Max\\DeV\\Git\\GitRepositories\\clone-amazon\\functions\\node_modules\\firebase-functions\\lib\\index.js"}} {"metadata":{"emulator":{"name":"functions"},"message":"[runtime-status] [5852] firebase-functions has been stubbed. {\"functionsResolution\":{\"declared\":true,\"installed\":true,\"version\":\"3.13.2\",\"resolution\":\"D:\\\\Max\\\\DeV\\\\Git\\\\GitRepositories\\\\clone-amazon\\\\functions\\\\node_modules\\\\firebase-functions\\\\lib\\\\index.js\"}}"}}
[debug] [2021-03-28T05:48:46.032Z] [runtime-status] [5852] Resolved module firebase-functions {"declared":true,"installed":true,"version":"3.13.2","resolution":"D:\\Max\\DeV\\Git\\GitRepositories\\clone-amazon\\functions\\node_modules\\firebase-functions\\lib\\index.js"} {"metadata":{"emulator":{"name":"functions"},"message":"[runtime-status] [5852] Resolved module firebase-functions {\"declared\":true,\"installed\":true,\"version\":\"3.13.2\",\"resolution\":\"D:\\\\Max\\\\DeV\\\\Git\\\\GitRepositories\\\\clone-amazon\\\\functions\\\\node_modules\\\\firebase-functions\\\\lib\\\\index.js\"}"}}
[debug] [2021-03-28T05:48:46.035Z] [runtime-status] [5852] Resolved module firebase-admin {"declared":true,"installed":true,"version":"9.5.0","resolution":"D:\\Max\\DeV\\Git\\GitRepositories\\clone-amazon\\functions\\node_modules\\firebase-admin\\lib\\index.js"} {"metadata":{"emulator":{"name":"functions"},"message":"[runtime-status] [5852] Resolved module firebase-admin {\"declared\":true,\"installed\":true,\"version\":\"9.5.0\",\"resolution\":\"D:\\\\Max\\\\DeV\\\\Git\\\\GitRepositories\\\\clone-amazon\\\\functions\\\\node_modules\\\\firebase-admin\\\\lib\\\\index.js\"}"}}
[debug] [2021-03-28T05:48:46.036Z] [runtime-status] [5852] Resolved module firebase-functions {"declared":true,"installed":true,"version":"3.13.2","resolution":"D:\\Max\\DeV\\Git\\GitRepositories\\clone-amazon\\functions\\node_modules\\firebase-functions\\lib\\index.js"} {"metadata":{"emulator":{"name":"functions"},"message":"[runtime-status] [5852] Resolved module firebase-functions {\"declared\":true,\"installed\":true,\"version\":\"3.13.2\",\"resolution\":\"D:\\\\Max\\\\DeV\\\\Git\\\\GitRepositories\\\\clone-amazon\\\\functions\\\\node_modules\\\\firebase-functions\\\\lib\\\\index.js\"}"}}
[debug] [2021-03-28T05:48:46.036Z] [runtime-status] [5852] firebase-admin has been stubbed. {"adminResolution":{"declared":true,"installed":true,"version":"9.5.0","resolution":"D:\\Max\\DeV\\Git\\GitRepositories\\clone-amazon\\functions\\node_modules\\firebase-admin\\lib\\index.js"}} {"metadata":{"emulator":{"name":"functions"},"message":"[runtime-status] [5852] firebase-admin has been stubbed. {\"adminResolution\":{\"declared\":true,\"installed\":true,\"version\":\"9.5.0\",\"resolution\":\"D:\\\\Max\\\\DeV\\\\Git\\\\GitRepositories\\\\clone-amazon\\\\functions\\\\node_modules\\\\firebase-admin\\\\lib\\\\index.js\"}}"}}
[debug] [2021-03-28T05:48:46.148Z] [worker-~diagnostic~-faf8c9d9-9419-45cd-be29-121ed3512974]: IDLE {"metadata":{"emulator":{"name":"functions"},"message":"[worker-~diagnostic~-faf8c9d9-9419-45cd-be29-121ed3512974]: IDLE"}}
[debug] [2021-03-28T05:49:48.977Z] File D:\Max\DeV\Git\GitRepositories\clone-amazon\functions\index.js changed, reloading triggers {"metadata":{"emulator":{"name":"functions"},"message":"File D:\\Max\\DeV\\Git\\GitRepositories\\clone-amazon\\functions\\index.js changed, reloading triggers"}}
[debug] [2021-03-28T05:49:49.977Z] [worker-pool] Shutting down IDLE worker (~diagnostic~) {"metadata":{"emulator":{"name":"functions"},"message":"[worker-pool] Shutting down IDLE worker (~diagnostic~)"}}
[debug] [2021-03-28T05:49:49.977Z] [worker-~diagnostic~-faf8c9d9-9419-45cd-be29-121ed3512974]: FINISHING {"metadata":{"emulator":{"name":"functions"},"message":"[worker-~diagnostic~-faf8c9d9-9419-45cd-be29-121ed3512974]: FINISHING"}}
[debug] [2021-03-28T05:49:49.977Z] [worker-pool] Cleaned up workers for ~diagnostic~: 2 --> 1 {"metadata":{"emulator":{"name":"functions"},"message":"[worker-pool] Cleaned up workers for ~diagnostic~: 2 --> 1"}}
[debug] [2021-03-28T05:49:49.977Z] [worker-pool] Cleaned up workers for api: 1 --> 0 {"metadata":{"emulator":{"name":"functions"},"message":"[worker-pool] Cleaned up workers for api: 1 --> 0"}}
[debug] [2021-03-28T05:49:49.981Z] [worker-pool] addWorker(~diagnostic~) {"metadata":{"emulator":{"name":"functions"},"message":"[worker-pool] addWorker(~diagnostic~)"}}
[debug] [2021-03-28T05:49:49.981Z] [worker-pool] Adding worker with key ~diagnostic~, total=2 {"metadata":{"emulator":{"name":"functions"},"message":"[worker-pool] Adding worker with key ~diagnostic~, total=2"}}
[debug] [2021-03-28T05:49:49.981Z] [worker-pool] submitWork(triggerId=) {"metadata":{"emulator":{"name":"functions"},"message":"[worker-pool] submitWork(triggerId=)"}}
[debug] [2021-03-28T05:49:49.981Z] [worker-~diagnostic~-ef535dce-26e6-404d-bdbc-de33ae12b270]: Assigning socketPath: \\?\pipe\D:\Max\DeV\Git\GitRepositories\clone-amazon\functions\15368 {"metadata":{"emulator":{"name":"functions"},"message":"[worker-~diagnostic~-ef535dce-26e6-404d-bdbc-de33ae12b270]: Assigning socketPath: \\\\?\\pipe\\D:\\Max\\DeV\\Git\\GitRepositories\\clone-amazon\\functions\\15368"}}
[debug] [2021-03-28T05:49:49.981Z] [worker-~diagnostic~-ef535dce-26e6-404d-bdbc-de33ae12b270]: BUSY {"metadata":{"emulator":{"name":"functions"},"message":"[worker-~diagnostic~-ef535dce-26e6-404d-bdbc-de33ae12b270]: BUSY"}}
[debug] [2021-03-28T05:49:49.981Z] [worker-~diagnostic~-faf8c9d9-9419-45cd-be29-121ed3512974]: exited {"metadata":{"emulator":{"name":"functions"},"message":"[worker-~diagnostic~-faf8c9d9-9419-45cd-be29-121ed3512974]: exited"}}
[debug] [2021-03-28T05:49:49.981Z] [worker-~diagnostic~-faf8c9d9-9419-45cd-be29-121ed3512974]: FINISHED {"metadata":{"emulator":{"name":"functions"},"message":"[worker-~diagnostic~-faf8c9d9-9419-45cd-be29-121ed3512974]: FINISHED"}}
[debug] [2021-03-28T05:49:50.135Z] [runtime-status] [15368] Functions runtime initialized. {"cwd":"D:\\Max\\DeV\\Git\\GitRepositories\\clone-amazon\\functions","node_version":"12.18.3"} {"metadata":{"emulator":{"name":"functions"},"message":"[runtime-status] [15368] Functions runtime initialized. {\"cwd\":\"D:\\\\Max\\\\DeV\\\\Git\\\\GitRepositories\\\\clone-amazon\\\\functions\",\"node_version\":\"12.18.3\"}"}}
[debug] [2021-03-28T05:49:50.136Z] [runtime-status] [15368] Disabled runtime features: undefined {"metadata":{"emulator":{"name":"functions"},"message":"[runtime-status] [15368] Disabled runtime features: undefined"}}
[debug] [2021-03-28T05:49:50.138Z] [runtime-status] [15368] Resolved module firebase-admin {"declared":true,"installed":true,"version":"9.5.0","resolution":"D:\\Max\\DeV\\Git\\GitRepositories\\clone-amazon\\functions\\node_modules\\firebase-admin\\lib\\index.js"} {"metadata":{"emulator":{"name":"functions"},"message":"[runtime-status] [15368] Resolved module firebase-admin {\"declared\":true,\"installed\":true,\"version\":\"9.5.0\",\"resolution\":\"D:\\\\Max\\\\DeV\\\\Git\\\\GitRepositories\\\\clone-amazon\\\\functions\\\\node_modules\\\\firebase-admin\\\\lib\\\\index.js\"}"}}
[debug] [2021-03-28T05:49:50.140Z] [runtime-status] [15368] Resolved module firebase-functions {"declared":true,"installed":true,"version":"3.13.2","resolution":"D:\\Max\\DeV\\Git\\GitRepositories\\clone-amazon\\functions\\node_modules\\firebase-functions\\lib\\index.js"} {"metadata":{"emulator":{"name":"functions"},"message":"[runtime-status] [15368] Resolved module firebase-functions {\"declared\":true,\"installed\":true,\"version\":\"3.13.2\",\"resolution\":\"D:\\\\Max\\\\DeV\\\\Git\\\\GitRepositories\\\\clone-amazon\\\\functions\\\\node_modules\\\\firebase-functions\\\\lib\\\\index.js\"}"}}
[debug] [2021-03-28T05:49:50.141Z] [runtime-status] [15368] Resolved module firebase-functions {"declared":true,"installed":true,"version":"3.13.2","resolution":"D:\\Max\\DeV\\Git\\GitRepositories\\clone-amazon\\functions\\node_modules\\firebase-functions\\lib\\index.js"} {"metadata":{"emulator":{"name":"functions"},"message":"[runtime-status] [15368] Resolved module firebase-functions {\"declared\":true,\"installed\":true,\"version\":\"3.13.2\",\"resolution\":\"D:\\\\Max\\\\DeV\\\\Git\\\\GitRepositories\\\\clone-amazon\\\\functions\\\\node_modules\\\\firebase-functions\\\\lib\\\\index.js\"}"}}
[debug] [2021-03-28T05:49:50.142Z] [runtime-status] [15368] Outgoing network have been stubbed. [{"name":"http","status":"mocked"},{"name":"http","status":"mocked"},{"name":"https","status":"mocked"},{"name":"https","status":"mocked"},{"name":"net","status":"mocked"}] {"metadata":{"emulator":{"name":"functions"},"message":"[runtime-status] [15368] Outgoing network have been stubbed. [{\"name\":\"http\",\"status\":\"mocked\"},{\"name\":\"http\",\"status\":\"mocked\"},{\"name\":\"https\",\"status\":\"mocked\"},{\"name\":\"https\",\"status\":\"mocked\"},{\"name\":\"net\",\"status\":\"mocked\"}]"}}
[debug] [2021-03-28T05:49:50.143Z] [runtime-status] [15368] Resolved module firebase-functions {"declared":true,"installed":true,"version":"3.13.2","resolution":"D:\\Max\\DeV\\Git\\GitRepositories\\clone-amazon\\functions\\node_modules\\firebase-functions\\lib\\index.js"} {"metadata":{"emulator":{"name":"functions"},"message":"[runtime-status] [15368] Resolved module firebase-functions {\"declared\":true,\"installed\":true,\"version\":\"3.13.2\",\"resolution\":\"D:\\\\Max\\\\DeV\\\\Git\\\\GitRepositories\\\\clone-amazon\\\\functions\\\\node_modules\\\\firebase-functions\\\\lib\\\\index.js\"}"}}
[debug] [2021-03-28T05:49:50.175Z] [runtime-status] [15368] Checked functions.config() {"config":{}} {"metadata":{"emulator":{"name":"functions"},"message":"[runtime-status] [15368] Checked functions.config() {\"config\":{}}"}}
[debug] [2021-03-28T05:49:50.175Z] [runtime-status] [15368] firebase-functions has been stubbed. {"functionsResolution":{"declared":true,"installed":true,"version":"3.13.2","resolution":"D:\\Max\\DeV\\Git\\GitRepositories\\clone-amazon\\functions\\node_modules\\firebase-functions\\lib\\index.js"}} {"metadata":{"emulator":{"name":"functions"},"message":"[runtime-status] [15368] firebase-functions has been stubbed. {\"functionsResolution\":{\"declared\":true,\"installed\":true,\"version\":\"3.13.2\",\"resolution\":\"D:\\\\Max\\\\DeV\\\\Git\\\\GitRepositories\\\\clone-amazon\\\\functions\\\\node_modules\\\\firebase-functions\\\\lib\\\\index.js\"}}"}}
[debug] [2021-03-28T05:49:50.175Z] [runtime-status] [15368] Resolved module firebase-functions {"declared":true,"installed":true,"version":"3.13.2","resolution":"D:\\Max\\DeV\\Git\\GitRepositories\\clone-amazon\\functions\\node_modules\\firebase-functions\\lib\\index.js"} {"metadata":{"emulator":{"name":"functions"},"message":"[runtime-status] [15368] Resolved module firebase-functions {\"declared\":true,\"installed\":true,\"version\":\"3.13.2\",\"resolution\":\"D:\\\\Max\\\\DeV\\\\Git\\\\GitRepositories\\\\clone-amazon\\\\functions\\\\node_modules\\\\firebase-functions\\\\lib\\\\index.js\"}"}}
[debug] [2021-03-28T05:49:50.176Z] [runtime-status] [15368] Resolved module firebase-admin {"declared":true,"installed":true,"version":"9.5.0","resolution":"D:\\Max\\DeV\\Git\\GitRepositories\\clone-amazon\\functions\\node_modules\\firebase-admin\\lib\\index.js"} {"metadata":{"emulator":{"name":"functions"},"message":"[runtime-status] [15368] Resolved module firebase-admin {\"declared\":true,\"installed\":true,\"version\":\"9.5.0\",\"resolution\":\"D:\\\\Max\\\\DeV\\\\Git\\\\GitRepositories\\\\clone-amazon\\\\functions\\\\node_modules\\\\firebase-admin\\\\lib\\\\index.js\"}"}}
[debug] [2021-03-28T05:49:50.176Z] [runtime-status] [15368] Resolved module firebase-functions {"declared":true,"installed":true,"version":"3.13.2","resolution":"D:\\Max\\DeV\\Git\\GitRepositories\\clone-amazon\\functions\\node_modules\\firebase-functions\\lib\\index.js"} {"metadata":{"emulator":{"name":"functions"},"message":"[runtime-status] [15368] Resolved module firebase-functions {\"declared\":true,\"installed\":true,\"version\":\"3.13.2\",\"resolution\":\"D:\\\\Max\\\\DeV\\\\Git\\\\GitRepositories\\\\clone-amazon\\\\functions\\\\node_modules\\\\firebase-functions\\\\lib\\\\index.js\"}"}}
[debug] [2021-03-28T05:49:50.177Z] [runtime-status] [15368] firebase-admin has been stubbed. {"adminResolution":{"declared":true,"installed":true,"version":"9.5.0","resolution":"D:\\Max\\DeV\\Git\\GitRepositories\\clone-amazon\\functions\\node_modules\\firebase-admin\\lib\\index.js"}} {"metadata":{"emulator":{"name":"functions"},"message":"[runtime-status] [15368] firebase-admin has been stubbed. {\"adminResolution\":{\"declared\":true,\"installed\":true,\"version\":\"9.5.0\",\"resolution\":\"D:\\\\Max\\\\DeV\\\\Git\\\\GitRepositories\\\\clone-amazon\\\\functions\\\\node_modules\\\\firebase-admin\\\\lib\\\\index.js\"}}"}}
[debug] [2021-03-28T05:49:50.289Z] [worker-~diagnostic~-ef535dce-26e6-404d-bdbc-de33ae12b270]: IDLE {"metadata":{"emulator":{"name":"functions"},"message":"[worker-~diagnostic~-ef535dce-26e6-404d-bdbc-de33ae12b270]: IDLE"}}
[debug] [2021-03-28T05:50:44.724Z] File D:\Max\DeV\Git\GitRepositories\clone-amazon\functions\index.js changed, reloading triggers {"metadata":{"emulator":{"name":"functions"},"message":"File D:\\Max\\DeV\\Git\\GitRepositories\\clone-amazon\\functions\\index.js changed, reloading triggers"}}
[debug] [2021-03-28T05:50:45.726Z] [worker-pool] Shutting down IDLE worker (~diagnostic~) {"metadata":{"emulator":{"name":"functions"},"message":"[worker-pool] Shutting down IDLE worker (~diagnostic~)"}}
[debug] [2021-03-28T05:50:45.726Z] [worker-~diagnostic~-ef535dce-26e6-404d-bdbc-de33ae12b270]: FINISHING {"metadata":{"emulator":{"name":"functions"},"message":"[worker-~diagnostic~-ef535dce-26e6-404d-bdbc-de33ae12b270]: FINISHING"}}
[debug] [2021-03-28T05:50:45.726Z] [worker-pool] Cleaned up workers for ~diagnostic~: 2 --> 1 {"metadata":{"emulator":{"name":"functions"},"message":"[worker-pool] Cleaned up workers for ~diagnostic~: 2 --> 1"}}
[debug] [2021-03-28T05:50:45.730Z] [worker-pool] addWorker(~diagnostic~) {"metadata":{"emulator":{"name":"functions"},"message":"[worker-pool] addWorker(~diagnostic~)"}}
[debug] [2021-03-28T05:50:45.730Z] [worker-pool] Adding worker with key ~diagnostic~, total=2 {"metadata":{"emulator":{"name":"functions"},"message":"[worker-pool] Adding worker with key ~diagnostic~, total=2"}}
[debug] [2021-03-28T05:50:45.730Z] [worker-pool] submitWork(triggerId=) {"metadata":{"emulator":{"name":"functions"},"message":"[worker-pool] submitWork(triggerId=)"}}
[debug] [2021-03-28T05:50:45.730Z] [worker-~diagnostic~-13ae3939-f99a-4237-8400-4c1e58428112]: Assigning socketPath: \\?\pipe\D:\Max\DeV\Git\GitRepositories\clone-amazon\functions\12368 {"metadata":{"emulator":{"name":"functions"},"message":"[worker-~diagnostic~-13ae3939-f99a-4237-8400-4c1e58428112]: Assigning socketPath: \\\\?\\pipe\\D:\\Max\\DeV\\Git\\GitRepositories\\clone-amazon\\functions\\12368"}}
[debug] [2021-03-28T05:50:45.730Z] [worker-~diagnostic~-13ae3939-f99a-4237-8400-4c1e58428112]: BUSY {"metadata":{"emulator":{"name":"functions"},"message":"[worker-~diagnostic~-13ae3939-f99a-4237-8400-4c1e58428112]: BUSY"}}
[debug] [2021-03-28T05:50:45.731Z] [worker-~diagnostic~-ef535dce-26e6-404d-bdbc-de33ae12b270]: exited {"metadata":{"emulator":{"name":"functions"},"message":"[worker-~diagnostic~-ef535dce-26e6-404d-bdbc-de33ae12b270]: exited"}}
[debug] [2021-03-28T05:50:45.731Z] [worker-~diagnostic~-ef535dce-26e6-404d-bdbc-de33ae12b270]: FINISHED {"metadata":{"emulator":{"name":"functions"},"message":"[worker-~diagnostic~-ef535dce-26e6-404d-bdbc-de33ae12b270]: FINISHED"}}
[debug] [2021-03-28T05:50:45.893Z] [runtime-status] [12368] Functions runtime initialized. {"cwd":"D:\\Max\\DeV\\Git\\GitRepositories\\clone-amazon\\functions","node_version":"12.18.3"} {"metadata":{"emulator":{"name":"functions"},"message":"[runtime-status] [12368] Functions runtime initialized. {\"cwd\":\"D:\\\\Max\\\\DeV\\\\Git\\\\GitRepositories\\\\clone-amazon\\\\functions\",\"node_version\":\"12.18.3\"}"}}
[debug] [2021-03-28T05:50:45.894Z] [runtime-status] [12368] Disabled runtime features: undefined {"metadata":{"emulator":{"name":"functions"},"message":"[runtime-status] [12368] Disabled runtime features: undefined"}}
[debug] [2021-03-28T05:50:45.896Z] [runtime-status] [12368] Resolved module firebase-admin {"declared":true,"installed":true,"version":"9.5.0","resolution":"D:\\Max\\DeV\\Git\\GitRepositories\\clone-amazon\\functions\\node_modules\\firebase-admin\\lib\\index.js"} {"metadata":{"emulator":{"name":"functions"},"message":"[runtime-status] [12368] Resolved module firebase-admin {\"declared\":true,\"installed\":true,\"version\":\"9.5.0\",\"resolution\":\"D:\\\\Max\\\\DeV\\\\Git\\\\GitRepositories\\\\clone-amazon\\\\functions\\\\node_modules\\\\firebase-admin\\\\lib\\\\index.js\"}"}}
[debug] [2021-03-28T05:50:45.899Z] [runtime-status] [12368] Resolved module firebase-functions {"declared":true,"installed":true,"version":"3.13.2","resolution":"D:\\Max\\DeV\\Git\\GitRepositories\\clone-amazon\\functions\\node_modules\\firebase-functions\\lib\\index.js"} {"metadata":{"emulator":{"name":"functions"},"message":"[runtime-status] [12368] Resolved module firebase-functions {\"declared\":true,\"installed\":true,\"version\":\"3.13.2\",\"resolution\":\"D:\\\\Max\\\\DeV\\\\Git\\\\GitRepositories\\\\clone-amazon\\\\functions\\\\node_modules\\\\firebase-functions\\\\lib\\\\index.js\"}"}}
[debug] [2021-03-28T05:50:45.900Z] [runtime-status] [12368] Resolved module firebase-functions {"declared":true,"installed":true,"version":"3.13.2","resolution":"D:\\Max\\DeV\\Git\\GitRepositories\\clone-amazon\\functions\\node_modules\\firebase-functions\\lib\\index.js"} {"metadata":{"emulator":{"name":"functions"},"message":"[runtime-status] [12368] Resolved module firebase-functions {\"declared\":true,\"installed\":true,\"version\":\"3.13.2\",\"resolution\":\"D:\\\\Max\\\\DeV\\\\Git\\\\GitRepositories\\\\clone-amazon\\\\functions\\\\node_modules\\\\firebase-functions\\\\lib\\\\index.js\"}"}}
[debug] [2021-03-28T05:50:45.901Z] [runtime-status] [12368] Outgoing network have been stubbed. [{"name":"http","status":"mocked"},{"name":"http","status":"mocked"},{"name":"https","status":"mocked"},{"name":"https","status":"mocked"},{"name":"net","status":"mocked"}] {"metadata":{"emulator":{"name":"functions"},"message":"[runtime-status] [12368] Outgoing network have been stubbed. [{\"name\":\"http\",\"status\":\"mocked\"},{\"name\":\"http\",\"status\":\"mocked\"},{\"name\":\"https\",\"status\":\"mocked\"},{\"name\":\"https\",\"status\":\"mocked\"},{\"name\":\"net\",\"status\":\"mocked\"}]"}}
[debug] [2021-03-28T05:50:45.902Z] [runtime-status] [12368] Resolved module firebase-functions {"declared":true,"installed":true,"version":"3.13.2","resolution":"D:\\Max\\DeV\\Git\\GitRepositories\\clone-amazon\\functions\\node_modules\\firebase-functions\\lib\\index.js"} {"metadata":{"emulator":{"name":"functions"},"message":"[runtime-status] [12368] Resolved module firebase-functions {\"declared\":true,\"installed\":true,\"version\":\"3.13.2\",\"resolution\":\"D:\\\\Max\\\\DeV\\\\Git\\\\GitRepositories\\\\clone-amazon\\\\functions\\\\node_modules\\\\firebase-functions\\\\lib\\\\index.js\"}"}}
[debug] [2021-03-28T05:50:45.936Z] [runtime-status] [12368] Checked functions.config() {"config":{}} {"metadata":{"emulator":{"name":"functions"},"message":"[runtime-status] [12368] Checked functions.config() {\"config\":{}}"}}
[debug] [2021-03-28T05:50:45.936Z] [runtime-status] [12368] firebase-functions has been stubbed. {"functionsResolution":{"declared":true,"installed":true,"version":"3.13.2","resolution":"D:\\Max\\DeV\\Git\\GitRepositories\\clone-amazon\\functions\\node_modules\\firebase-functions\\lib\\index.js"}} {"metadata":{"emulator":{"name":"functions"},"message":"[runtime-status] [12368] firebase-functions has been stubbed. {\"functionsResolution\":{\"declared\":true,\"installed\":true,\"version\":\"3.13.2\",\"resolution\":\"D:\\\\Max\\\\DeV\\\\Git\\\\GitRepositories\\\\clone-amazon\\\\functions\\\\node_modules\\\\firebase-functions\\\\lib\\\\index.js\"}}"}}
[debug] [2021-03-28T05:50:45.937Z] [runtime-status] [12368] Resolved module firebase-functions {"declared":true,"installed":true,"version":"3.13.2","resolution":"D:\\Max\\DeV\\Git\\GitRepositories\\clone-amazon\\functions\\node_modules\\firebase-functions\\lib\\index.js"} {"metadata":{"emulator":{"name":"functions"},"message":"[runtime-status] [12368] Resolved module firebase-functions {\"declared\":true,\"installed\":true,\"version\":\"3.13.2\",\"resolution\":\"D:\\\\Max\\\\DeV\\\\Git\\\\GitRepositories\\\\clone-amazon\\\\functions\\\\node_modules\\\\firebase-functions\\\\lib\\\\index.js\"}"}}
[debug] [2021-03-28T05:50:45.938Z] [runtime-status] [12368] Resolved module firebase-admin {"declared":true,"installed":true,"version":"9.5.0","resolution":"D:\\Max\\DeV\\Git\\GitRepositories\\clone-amazon\\functions\\node_modules\\firebase-admin\\lib\\index.js"} {"metadata":{"emulator":{"name":"functions"},"message":"[runtime-status] [12368] Resolved module firebase-admin {\"declared\":true,\"installed\":true,\"version\":\"9.5.0\",\"resolution\":\"D:\\\\Max\\\\DeV\\\\Git\\\\GitRepositories\\\\clone-amazon\\\\functions\\\\node_modules\\\\firebase-admin\\\\lib\\\\index.js\"}"}}
[debug] [2021-03-28T05:50:45.938Z] [runtime-status] [12368] Resolved module firebase-functions {"declared":true,"installed":true,"version":"3.13.2","resolution":"D:\\Max\\DeV\\Git\\GitRepositories\\clone-amazon\\functions\\node_modules\\firebase-functions\\lib\\index.js"} {"metadata":{"emulator":{"name":"functions"},"message":"[runtime-status] [12368] Resolved module firebase-functions {\"declared\":true,\"installed\":true,\"version\":\"3.13.2\",\"resolution\":\"D:\\\\Max\\\\DeV\\\\Git\\\\GitRepositories\\\\clone-amazon\\\\functions\\\\node_modules\\\\firebase-functions\\\\lib\\\\index.js\"}"}}
[debug] [2021-03-28T05:50:45.938Z] [runtime-status] [12368] firebase-admin has been stubbed. {"adminResolution":{"declared":true,"installed":true,"version":"9.5.0","resolution":"D:\\Max\\DeV\\Git\\GitRepositories\\clone-amazon\\functions\\node_modules\\firebase-admin\\lib\\index.js"}} {"metadata":{"emulator":{"name":"functions"},"message":"[runtime-status] [12368] firebase-admin has been stubbed. {\"adminResolution\":{\"declared\":true,\"installed\":true,\"version\":\"9.5.0\",\"resolution\":\"D:\\\\Max\\\\DeV\\\\Git\\\\GitRepositories\\\\clone-amazon\\\\functions\\\\node_modules\\\\firebase-admin\\\\lib\\\\index.js\"}}"}}
[debug] [2021-03-28T05:50:46.052Z] [worker-~diagnostic~-13ae3939-f99a-4237-8400-4c1e58428112]: IDLE {"metadata":{"emulator":{"name":"functions"},"message":"[worker-~diagnostic~-13ae3939-f99a-4237-8400-4c1e58428112]: IDLE"}}
[debug] [2021-03-28T05:51:34.303Z] File D:\Max\DeV\Git\GitRepositories\clone-amazon\functions\index.js changed, reloading triggers {"metadata":{"emulator":{"name":"functions"},"message":"File D:\\Max\\DeV\\Git\\GitRepositories\\clone-amazon\\functions\\index.js changed, reloading triggers"}}
[debug] [2021-03-28T05:51:35.303Z] [worker-pool] Shutting down IDLE worker (~diagnostic~) {"metadata":{"emulator":{"name":"functions"},"message":"[worker-pool] Shutting down IDLE worker (~diagnostic~)"}}
[debug] [2021-03-28T05:51:35.303Z] [worker-~diagnostic~-13ae3939-f99a-4237-8400-4c1e58428112]: FINISHING {"metadata":{"emulator":{"name":"functions"},"message":"[worker-~diagnostic~-13ae3939-f99a-4237-8400-4c1e58428112]: FINISHING"}}
[debug] [2021-03-28T05:51:35.303Z] [worker-pool] Cleaned up workers for ~diagnostic~: 2 --> 1 {"metadata":{"emulator":{"name":"functions"},"message":"[worker-pool] Cleaned up workers for ~diagnostic~: 2 --> 1"}}
[debug] [2021-03-28T05:51:35.306Z] [worker-pool] addWorker(~diagnostic~) {"metadata":{"emulator":{"name":"functions"},"message":"[worker-pool] addWorker(~diagnostic~)"}}
[debug] [2021-03-28T05:51:35.306Z] [worker-pool] Adding worker with key ~diagnostic~, total=2 {"metadata":{"emulator":{"name":"functions"},"message":"[worker-pool] Adding worker with key ~diagnostic~, total=2"}}
[debug] [2021-03-28T05:51:35.306Z] [worker-pool] submitWork(triggerId=) {"metadata":{"emulator":{"name":"functions"},"message":"[worker-pool] submitWork(triggerId=)"}}
[debug] [2021-03-28T05:51:35.306Z] [worker-~diagnostic~-851f91bd-dcd7-48f2-994a-5a644637cdc2]: Assigning socketPath: \\?\pipe\D:\Max\DeV\Git\GitRepositories\clone-amazon\functions\11848 {"metadata":{"emulator":{"name":"functions"},"message":"[worker-~diagnostic~-851f91bd-dcd7-48f2-994a-5a644637cdc2]: Assigning socketPath: \\\\?\\pipe\\D:\\Max\\DeV\\Git\\GitRepositories\\clone-amazon\\functions\\11848"}}
[debug] [2021-03-28T05:51:35.306Z] [worker-~diagnostic~-851f91bd-dcd7-48f2-994a-5a644637cdc2]: BUSY {"metadata":{"emulator":{"name":"functions"},"message":"[worker-~diagnostic~-851f91bd-dcd7-48f2-994a-5a644637cdc2]: BUSY"}}
[debug] [2021-03-28T05:51:35.307Z] [worker-~diagnostic~-13ae3939-f99a-4237-8400-4c1e58428112]: exited {"metadata":{"emulator":{"name":"functions"},"message":"[worker-~diagnostic~-13ae3939-f99a-4237-8400-4c1e58428112]: exited"}}
[debug] [2021-03-28T05:51:35.307Z] [worker-~diagnostic~-13ae3939-f99a-4237-8400-4c1e58428112]: FINISHED {"metadata":{"emulator":{"name":"functions"},"message":"[worker-~diagnostic~-13ae3939-f99a-4237-8400-4c1e58428112]: FINISHED"}}
[debug] [2021-03-28T05:51:35.461Z] [runtime-status] [11848] Functions runtime initialized. {"cwd":"D:\\Max\\DeV\\Git\\GitRepositories\\clone-amazon\\functions","node_version":"12.18.3"} {"metadata":{"emulator":{"name":"functions"},"message":"[runtime-status] [11848] Functions runtime initialized. {\"cwd\":\"D:\\\\Max\\\\DeV\\\\Git\\\\GitRepositories\\\\clone-amazon\\\\functions\",\"node_version\":\"12.18.3\"}"}}
[debug] [2021-03-28T05:51:35.462Z] [runtime-status] [11848] Disabled runtime features: undefined {"metadata":{"emulator":{"name":"functions"},"message":"[runtime-status] [11848] Disabled runtime features: undefined"}}
[debug] [2021-03-28T05:51:35.466Z] [runtime-status] [11848] Resolved module firebase-admin {"declared":true,"installed":true,"version":"9.5.0","resolution":"D:\\Max\\DeV\\Git\\GitRepositories\\clone-amazon\\functions\\node_modules\\firebase-admin\\lib\\index.js"} {"metadata":{"emulator":{"name":"functions"},"message":"[runtime-status] [11848] Resolved module firebase-admin {\"declared\":true,\"installed\":true,\"version\":\"9.5.0\",\"resolution\":\"D:\\\\Max\\\\DeV\\\\Git\\\\GitRepositories\\\\clone-amazon\\\\functions\\\\node_modules\\\\firebase-admin\\\\lib\\\\index.js\"}"}}
[debug] [2021-03-28T05:51:35.468Z] [runtime-status] [11848] Resolved module firebase-functions {"declared":true,"installed":true,"version":"3.13.2","resolution":"D:\\Max\\DeV\\Git\\GitRepositories\\clone-amazon\\functions\\node_modules\\firebase-functions\\lib\\index.js"} {"metadata":{"emulator":{"name":"functions"},"message":"[runtime-status] [11848] Resolved module firebase-functions {\"declared\":true,\"installed\":true,\"version\":\"3.13.2\",\"resolution\":\"D:\\\\Max\\\\DeV\\\\Git\\\\GitRepositories\\\\clone-amazon\\\\functions\\\\node_modules\\\\firebase-functions\\\\lib\\\\index.js\"}"}}
[debug] [2021-03-28T05:51:35.469Z] [runtime-status] [11848] Resolved module firebase-functions {"declared":true,"installed":true,"version":"3.13.2","resolution":"D:\\Max\\DeV\\Git\\GitRepositories\\clone-amazon\\functions\\node_modules\\firebase-functions\\lib\\index.js"} {"metadata":{"emulator":{"name":"functions"},"message":"[runtime-status] [11848] Resolved module firebase-functions {\"declared\":true,\"installed\":true,\"version\":\"3.13.2\",\"resolution\":\"D:\\\\Max\\\\DeV\\\\Git\\\\GitRepositories\\\\clone-amazon\\\\functions\\\\node_modules\\\\firebase-functions\\\\lib\\\\index.js\"}"}}
[debug] [2021-03-28T05:51:35.470Z] [runtime-status] [11848] Outgoing network have been stubbed. [{"name":"http","status":"mocked"},{"name":"http","status":"mocked"},{"name":"https","status":"mocked"},{"name":"https","status":"mocked"},{"name":"net","status":"mocked"}] {"metadata":{"emulator":{"name":"functions"},"message":"[runtime-status] [11848] Outgoing network have been stubbed. [{\"name\":\"http\",\"status\":\"mocked\"},{\"name\":\"http\",\"status\":\"mocked\"},{\"name\":\"https\",\"status\":\"mocked\"},{\"name\":\"https\",\"status\":\"mocked\"},{\"name\":\"net\",\"status\":\"mocked\"}]"}}
[debug] [2021-03-28T05:51:35.470Z] [runtime-status] [11848] Resolved module firebase-functions {"declared":true,"installed":true,"version":"3.13.2","resolution":"D:\\Max\\DeV\\Git\\GitRepositories\\clone-amazon\\functions\\node_modules\\firebase-functions\\lib\\index.js"} {"metadata":{"emulator":{"name":"functions"},"message":"[runtime-status] [11848] Resolved module firebase-functions {\"declared\":true,\"installed\":true,\"version\":\"3.13.2\",\"resolution\":\"D:\\\\Max\\\\DeV\\\\Git\\\\GitRepositories\\\\clone-amazon\\\\functions\\\\node_modules\\\\firebase-functions\\\\lib\\\\index.js\"}"}}
[debug] [2021-03-28T05:51:35.504Z] [runtime-status] [11848] Checked functions.config() {"config":{}} {"metadata":{"emulator":{"name":"functions"},"message":"[runtime-status] [11848] Checked functions.config() {\"config\":{}}"}}
[debug] [2021-03-28T05:51:35.504Z] [runtime-status] [11848] firebase-functions has been stubbed. {"functionsResolution":{"declared":true,"installed":true,"version":"3.13.2","resolution":"D:\\Max\\DeV\\Git\\GitRepositories\\clone-amazon\\functions\\node_modules\\firebase-functions\\lib\\index.js"}} {"metadata":{"emulator":{"name":"functions"},"message":"[runtime-status] [11848] firebase-functions has been stubbed. {\"functionsResolution\":{\"declared\":true,\"installed\":true,\"version\":\"3.13.2\",\"resolution\":\"D:\\\\Max\\\\DeV\\\\Git\\\\GitRepositories\\\\clone-amazon\\\\functions\\\\node_modules\\\\firebase-functions\\\\lib\\\\index.js\"}}"}}
[debug] [2021-03-28T05:51:35.505Z] [runtime-status] [11848] Resolved module firebase-functions {"declared":true,"installed":true,"version":"3.13.2","resolution":"D:\\Max\\DeV\\Git\\GitRepositories\\clone-amazon\\functions\\node_modules\\firebase-functions\\lib\\index.js"} {"metadata":{"emulator":{"name":"functions"},"message":"[runtime-status] [11848] Resolved module firebase-functions {\"declared\":true,\"installed\":true,\"version\":\"3.13.2\",\"resolution\":\"D:\\\\Max\\\\DeV\\\\Git\\\\GitRepositories\\\\clone-amazon\\\\functions\\\\node_modules\\\\firebase-functions\\\\lib\\\\index.js\"}"}}
[debug] [2021-03-28T05:51:35.506Z] [runtime-status] [11848] Resolved module firebase-admin {"declared":true,"installed":true,"version":"9.5.0","resolution":"D:\\Max\\DeV\\Git\\GitRepositories\\clone-amazon\\functions\\node_modules\\firebase-admin\\lib\\index.js"} {"metadata":{"emulator":{"name":"functions"},"message":"[runtime-status] [11848] Resolved module firebase-admin {\"declared\":true,\"installed\":true,\"version\":\"9.5.0\",\"resolution\":\"D:\\\\Max\\\\DeV\\\\Git\\\\GitRepositories\\\\clone-amazon\\\\functions\\\\node_modules\\\\firebase-admin\\\\lib\\\\index.js\"}"}}
[debug] [2021-03-28T05:51:35.506Z] [runtime-status] [11848] Resolved module firebase-functions {"declared":true,"installed":true,"version":"3.13.2","resolution":"D:\\Max\\DeV\\Git\\GitRepositories\\clone-amazon\\functions\\node_modules\\firebase-functions\\lib\\index.js"} {"metadata":{"emulator":{"name":"functions"},"message":"[runtime-status] [11848] Resolved module firebase-functions {\"declared\":true,\"installed\":true,\"version\":\"3.13.2\",\"resolution\":\"D:\\\\Max\\\\DeV\\\\Git\\\\GitRepositories\\\\clone-amazon\\\\functions\\\\node_modules\\\\firebase-functions\\\\lib\\\\index.js\"}"}}
[debug] [2021-03-28T05:51:35.506Z] [runtime-status] [11848] firebase-admin has been stubbed. {"adminResolution":{"declared":true,"installed":true,"version":"9.5.0","resolution":"D:\\Max\\DeV\\Git\\GitRepositories\\clone-amazon\\functions\\node_modules\\firebase-admin\\lib\\index.js"}} {"metadata":{"emulator":{"name":"functions"},"message":"[runtime-status] [11848] firebase-admin has been stubbed. {\"adminResolution\":{\"declared\":true,\"installed\":true,\"version\":\"9.5.0\",\"resolution\":\"D:\\\\Max\\\\DeV\\\\Git\\\\GitRepositories\\\\clone-amazon\\\\functions\\\\node_modules\\\\firebase-admin\\\\lib\\\\index.js\"}}"}}
[debug] [2021-03-28T05:51:35.616Z] [worker-~diagnostic~-851f91bd-dcd7-48f2-994a-5a644637cdc2]: IDLE {"metadata":{"emulator":{"name":"functions"},"message":"[worker-~diagnostic~-851f91bd-dcd7-48f2-994a-5a644637cdc2]: IDLE"}}
